14:50:41 **** Incremental Build of configuration Debug for project TP_1 ****
Info: Internal Builder is used for build
gcc -O0 -g3 -Wall -c -fmessage-length=0 -o "src\\validaciones.o" "..\\src\\validaciones.c" 
gcc -O0 -g3 -Wall -c -fmessage-length=0 -o "src\\TP_1.o" "..\\src\\TP_1.c" 
..\src\TP_1.c: In function 'main':
..\src\TP_1.c:50:19: warning: implicit declaration of function 'valPrecioLatam' [-Wimplicit-function-declaration]
     precioLatam = valPrecioLatam(precioLatam);
                   ^~~~~~~~~~~~~~
..\src\TP_1.c:51:24: warning: implicit declaration of function 'valPrecioAerolineas' [-Wimplicit-function-declaration]
     precioAerolineas = valPrecioAerolineas(precioAerolineas);
                        ^~~~~~~~~~~~~~~~~~~
gcc -o TP_1.exe "src\\TP_1.o" "src\\validaciones.o" 
c:/mingw/bin/../lib/gcc/mingw32/6.3.0/../../../../mingw32/bin/ld.exe: cannot open output file TP_1.exe: Permission denied
collect2.exe: error: ld returned 1 exit status
14:50:50 **** Incremental Build of configuration Debug for project TP_1 ****
Info: Internal Builder is used for build
gcc -O0 -g3 -Wall -c -fmessage-length=0 -o "src\\TP_1.o" "..\\src\\TP_1.c" 
..\src\TP_1.c: In function 'main':
..\src\TP_1.c:51:24: warning: implicit declaration of function 'valPrecioAerolineas' [-Wimplicit-function-declaration]
     precioAerolineas = valPrecioAerolineas(precioAerolineas);
                        ^~~~~~~~~~~~~~~~~~~
gcc -o TP_1.exe "src\\TP_1.o" "src\\validaciones.o" 
src\TP_1.o: In function `main':
C:\Users\BETO\eclipse-workspace\TPs\TP_1\Debug/../src/TP_1.c:50: undefined reference to `valPrecioLatam'
C:\Users\BETO\eclipse-workspace\TPs\TP_1\Debug/../src/TP_1.c:51: undefined reference to `valPrecioAerolineas'
collect2.exe: error: ld returned 1 exit status
14:51:09 **** Incremental Build of configuration Debug for project TP_1 ****
Info: Internal Builder is used for build
gcc -O0 -g3 -Wall -c -fmessage-length=0 -o "src\\TP_1.o" "..\\src\\TP_1.c" 
gcc -o TP_1.exe "src\\TP_1.o" "src\\validaciones.o" 
Info: Nothing to build for TP_1
14:51:47 **** Incremental Build of configuration Debug for project TP_1 ****
Info: Internal Builder is used for build
gcc -O0 -g3 -Wall -c -fmessage-length=0 -o "src\\validaciones.o" "..\\src\\validaciones.c" 
gcc -o TP_1.exe "src\\TP_1.o" "src\\validaciones.o" 
Info: Nothing to build for TP_1
14:52:49 **** Incremental Build of configuration Debug for project TP_1 ****
Info: Internal Builder is used for build
gcc -O0 -g3 -Wall -c -fmessage-length=0 -o "src\\validaciones.o" "..\\src\\validaciones.c" 
gcc -o TP_1.exe "src\\TP_1.o" "src\\validaciones.o" 
Info: Nothing to build for TP_1
14:53:12 **** Incremental Build of configuration Debug for project TP_1 ****
Info: Internal Builder is used for build
gcc -O0 -g3 -Wall -c -fmessage-length=0 -o "src\\validaciones.o" "..\\src\\validaciones.c" 
gcc -o TP_1.exe "src\\TP_1.o" "src\\validaciones.o" 
Info: Nothing to build for TP_1
15:22:05 **** Incremental Build of configuration Debug for project TP_1 ****
Info: Internal Builder is used for build
gcc -O0 -g3 -Wall -c -fmessage-length=0 -o "src\\TP_1.o" "..\\src\\TP_1.c" 
gcc -O0 -g3 -Wall -c -fmessage-length=0 -o "src\\validaciones.o" "..\\src\\validaciones.c" 
..\src\validaciones.c: In function 'valPrecioLatam':
..\src\validaciones.c:30:10: warning: unknown escape sequence: '\D'
   printf("\Desea continuar...1-SI/0-NO");
          ^~~~~~~~~~~~~~~~~~~~~~~~~~~~~~
..\src\validaciones.c:33:4: error: break statement not within loop or switch
    break;
    ^~~~~
..\src\validaciones.c:37:1: warning: control reaches end of non-void function [-Wreturn-type]
 }
 ^
15:27:54 **** Incremental Build of configuration Debug for project TP_1 ****
Info: Internal Builder is used for build
gcc -O0 -g3 -Wall -c -fmessage-length=0 -o "src\\validaciones.o" "..\\src\\validaciones.c" 
gcc -o TP_1.exe "src\\TP_1.o" "src\\validaciones.o" 
Info: Nothing to build for TP_1
15:28:51 **** Incremental Build of configuration Debug for project TP_1 ****
Info: Internal Builder is used for build
gcc -O0 -g3 -Wall -c -fmessage-length=0 -o "src\\validaciones.o" "..\\src\\validaciones.c" 
gcc -o TP_1.exe "src\\TP_1.o" "src\\validaciones.o" 
Info: Nothing to build for TP_1
Info: Nothing to build for TP_1
15:44:42 **** Incremental Build of configuration Debug for project TP_1 ****
Info: Internal Builder is used for build
gcc -O0 -g3 -Wall -c -fmessage-length=0 -o "src\\validaciones.o" "..\\src\\validaciones.c" 
gcc -o TP_1.exe "src\\TP_1.o" "src\\validaciones.o" 
Info: Nothing to build for TP_1
Info: Nothing to build for TP_1
Info: Nothing to build for TP_1
15:49:05 **** Incremental Build of configuration Debug for project TP_1 ****
Info: Internal Builder is used for build
gcc -O0 -g3 -Wall -c -fmessage-length=0 -o "src\\validaciones.o" "..\\src\\validaciones.c" 
..\src\validaciones.c: In function 'valPrecioLatam':
..\src\validaciones.c:35:5: warning: implicit declaration of function 'scandf' [-Wimplicit-function-declaration]
     scandf("%d", &precioLatam);
     ^~~~~~
gcc -o TP_1.exe "src\\TP_1.o" "src\\validaciones.o" 
src\validaciones.o: In function `valPrecioLatam':
C:\Users\BETO\eclipse-workspace\TPs\TP_1\Debug/../src/validaciones.c:35: undefined reference to `scandf'
collect2.exe: error: ld returned 1 exit status
15:49:14 **** Incremental Build of configuration Debug for project TP_1 ****
Info: Internal Builder is used for build
gcc -O0 -g3 -Wall -c -fmessage-length=0 -o "src\\validaciones.o" "..\\src\\validaciones.c" 
..\src\validaciones.c: In function 'valPrecioLatam':
..\src\validaciones.c:35:13: warning: format '%d' expects argument of type 'int *', but argument 2 has type 'float *' [-Wformat=]
     scanf("%d", &precioLatam);
             ^
gcc -o TP_1.exe "src\\TP_1.o" "src\\validaciones.o" 
15:49:24 **** Incremental Build of configuration Debug for project TP_1 ****
Info: Internal Builder is used for build
gcc -O0 -g3 -Wall -c -fmessage-length=0 -o "src\\validaciones.o" "..\\src\\validaciones.c" 
gcc -o TP_1.exe "src\\TP_1.o" "src\\validaciones.o" 
Info: Nothing to build for TP_1
Info: Nothing to build for TP_1
Info: Nothing to build for TP_1
15:53:31 **** Incremental Build of configuration Debug for project TP_1 ****
Info: Internal Builder is used for build
gcc -O0 -g3 -Wall -c -fmessage-length=0 -o "src\\validaciones.o" "..\\src\\validaciones.c" 
gcc -o TP_1.exe "src\\TP_1.o" "src\\validaciones.o" 
Info: Nothing to build for TP_1
15:57:44 **** Incremental Build of configuration Debug for project TP_1 ****
Info: Internal Builder is used for build
gcc -O0 -g3 -Wall -c -fmessage-length=0 -o "src\\TP_1.o" "..\\src\\TP_1.c" 
..\src\TP_1.c: In function 'main':
..\src\TP_1.c:50:36: error: stray '\277' in program
     scanf("%f", &precioAerolineas);¿
                                    ^
15:57:52 **** Incremental Build of configuration Debug for project TP_1 ****
Info: Internal Builder is used for build
gcc -O0 -g3 -Wall -c -fmessage-length=0 -o "src\\TP_1.o" "..\\src\\TP_1.c" 
gcc -o TP_1.exe "src\\TP_1.o" "src\\validaciones.o" 
Info: Nothing to build for TP_1
15:58:29 **** Incremental Build of configuration Debug for project TP_1 ****
Info: Internal Builder is used for build
gcc -O0 -g3 -Wall -c -fmessage-length=0 -o "src\\TP_1.o" "..\\src\\TP_1.c" 
gcc -o TP_1.exe "src\\TP_1.o" "src\\validaciones.o" 
Info: Nothing to build for TP_1
15:59:00 **** Incremental Build of configuration Debug for project TP_1 ****
Info: Internal Builder is used for build
gcc -O0 -g3 -Wall -c -fmessage-length=0 -o "src\\TP_1.o" "..\\src\\TP_1.c" 
gcc -o TP_1.exe "src\\TP_1.o" "src\\validaciones.o" 
Info: Nothing to build for TP_1
16:00:59 **** Incremental Build of configuration Debug for project TP_1 ****
Info: Internal Builder is used for build
gcc -O0 -g3 -Wall -c -fmessage-length=0 -o "src\\validaciones.o" "..\\src\\validaciones.c" 
..\src\validaciones.c: In function 'valPrecioLatam':
..\src\validaciones.c:35:13: warning: unknown conversion type character '.' in format [-Wformat=]
     scanf("%.2f", &precioLatam);
             ^
..\src\validaciones.c:35:11: warning: too many arguments for format [-Wformat-extra-args]
     scanf("%.2f", &precioLatam);
           ^~~~~~
gcc -o TP_1.exe "src\\TP_1.o" "src\\validaciones.o" 
16:01:12 **** Incremental Build of configuration Debug for project TP_1 ****
Info: Internal Builder is used for build
gcc -O0 -g3 -Wall -c -fmessage-length=0 -o "src\\validaciones.o" "..\\src\\validaciones.c" 
gcc -o TP_1.exe "src\\TP_1.o" "src\\validaciones.o" 
Info: Nothing to build for TP_1
16:02:50 **** Incremental Build of configuration Debug for project TP_1 ****
Info: Internal Builder is used for build
gcc -O0 -g3 -Wall -c -fmessage-length=0 -o "src\\validaciones.o" "..\\src\\validaciones.c" 
gcc -o TP_1.exe "src\\TP_1.o" "src\\validaciones.o" 
Info: Nothing to build for TP_1
16:04:08 **** Incremental Build of configuration Debug for project TP_1 ****
Info: Internal Builder is used for build
gcc -O0 -g3 -Wall -c -fmessage-length=0 -o "src\\TP_1.o" "..\\src\\TP_1.c" 
..\src\TP_1.c: In function 'main':
..\src\TP_1.c:47:13: warning: unknown conversion type character '.' in format [-Wformat=]
     scanf("%.2f", &precioLatam);
             ^
..\src\TP_1.c:47:11: warning: too many arguments for format [-Wformat-extra-args]
     scanf("%.2f", &precioLatam);
           ^~~~~~
gcc -o TP_1.exe "src\\TP_1.o" "src\\validaciones.o" 
16:04:48 **** Incremental Build of configuration Debug for project TP_1 ****
Info: Internal Builder is used for build
gcc -O0 -g3 -Wall -c -fmessage-length=0 -o "src\\TP_1.o" "..\\src\\TP_1.c" 
gcc -O0 -g3 -Wall -c -fmessage-length=0 -o "src\\validaciones.o" "..\\src\\validaciones.c" 
gcc -o TP_1.exe "src\\TP_1.o" "src\\validaciones.o" 
Info: Nothing to build for TP_1
16:06:02 **** Incremental Build of configuration Debug for project TP_1 ****
Info: Internal Builder is used for build
gcc -O0 -g3 -Wall -c -fmessage-length=0 -o "src\\validaciones.o" "..\\src\\validaciones.c" 
gcc -o TP_1.exe "src\\TP_1.o" "src\\validaciones.o" 
Info: Nothing to build for TP_1
16:07:39 **** Incremental Build of configuration Debug for project TP_1 ****
Info: Internal Builder is used for build
gcc -O0 -g3 -Wall -c -fmessage-length=0 -o "src\\validaciones.o" "..\\src\\validaciones.c" 
gcc -o TP_1.exe "src\\TP_1.o" "src\\validaciones.o" 
Info: Nothing to build for TP_1
Info: Nothing to build for TP_1
Info: Nothing to build for TP_1
16:13:47 **** Incremental Build of configuration Debug for project TP_1 ****
Info: Internal Builder is used for build
gcc -O0 -g3 -Wall -c -fmessage-length=0 -o "src\\validaciones.o" "..\\src\\validaciones.c" 
..\src\validaciones.c: In function 'valPrecioAerolineas':
..\src\validaciones.c:61:9: error: 'precioLatam' undeclared (first use in this function)
  return precioLatam;
         ^~~~~~~~~~~
..\src\validaciones.c:61:9: note: each undeclared identifier is reported only once for each function it appears in
..\src\validaciones.c:62:1: warning: control reaches end of non-void function [-Wreturn-type]
 }
 ^
16:14:02 **** Incremental Build of configuration Debug for project TP_1 ****
Info: Internal Builder is used for build
gcc -O0 -g3 -Wall -c -fmessage-length=0 -o "src\\validaciones.o" "..\\src\\validaciones.c" 
gcc -O0 -g3 -Wall -c -fmessage-length=0 -o "src\\TP_1.o" "..\\src\\TP_1.c" 
gcc -o TP_1.exe "src\\TP_1.o" "src\\validaciones.o" 
Info: Nothing to build for TP_1
Info: Nothing to build for TP_1
16:14:50 **** Incremental Build of configuration Debug for project TP_1 ****
Info: Internal Builder is used for build
gcc -O0 -g3 -Wall -c -fmessage-length=0 -o "src\\validaciones.o" "..\\src\\validaciones.c" 
gcc -o TP_1.exe "src\\TP_1.o" "src\\validaciones.o" 
Info: Nothing to build for TP_1
16:17:15 **** Incremental Build of configuration Debug for project TP_1 ****
Info: Internal Builder is used for build
gcc -O0 -g3 -Wall -c -fmessage-length=0 -o "src\\validaciones.o" "..\\src\\validaciones.c" 
gcc -o TP_1.exe "src\\TP_1.o" "src\\validaciones.o" 
Info: Nothing to build for TP_1
16:18:26 **** Incremental Build of configuration Debug for project TP_1 ****
Info: Internal Builder is used for build
gcc -O0 -g3 -Wall -c -fmessage-length=0 -o "src\\validaciones.o" "..\\src\\validaciones.c" 
gcc -o TP_1.exe "src\\TP_1.o" "src\\validaciones.o" 
Info: Nothing to build for TP_1
Info: Nothing to build for TP_1
Info: Nothing to build for TP_1
Info: Nothing to build for TP_1
Info: Nothing to build for TP_1
16:22:53 **** Incremental Build of configuration Debug for project TP_1 ****
Info: Internal Builder is used for build
gcc -O0 -g3 -Wall -c -fmessage-length=0 -o "src\\validaciones.o" "..\\src\\validaciones.c" 
..\src\validaciones.c: In function 'valPrecioLatam':
..\src\validaciones.c:37:77: error: 's' undeclared (first use in this function)
      printf("Usted ingreso un precio de $0, por lo tanto no se calculará.");s
                                                                             ^
..\src\validaciones.c:37:77: note: each undeclared identifier is reported only once for each function it appears in
..\src\validaciones.c:38:5: error: expected ';' before '}' token
     }
     ^
16:23:10 **** Incremental Build of configuration Debug for project TP_1 ****
Info: Internal Builder is used for build
gcc -O0 -g3 -Wall -c -fmessage-length=0 -o "src\\validaciones.o" "..\\src\\validaciones.c" 
gcc -o TP_1.exe "src\\TP_1.o" "src\\validaciones.o" 
src\TP_1.o: In function `main':
C:\Users\BETO\eclipse-workspace\TPs\TP_1\Debug/../src/TP_1.c:51: undefined reference to `valPrecioAerolineas'
collect2.exe: error: ld returned 1 exit status
16:23:24 **** Incremental Build of configuration Debug for project TP_1 ****
Info: Internal Builder is used for build
gcc -O0 -g3 -Wall -c -fmessage-length=0 -o "src\\TP_1.o" "..\\src\\TP_1.c" 
gcc -o TP_1.exe "src\\TP_1.o" "src\\validaciones.o" 
Info: Nothing to build for TP_1
16:24:47 **** Incremental Build of configuration Debug for project TP_1 ****
Info: Internal Builder is used for build
gcc -O0 -g3 -Wall -c -fmessage-length=0 -o "src\\validaciones.o" "..\\src\\validaciones.c" 
gcc -o TP_1.exe "src\\TP_1.o" "src\\validaciones.o" 
Info: Nothing to build for TP_1
Info: Nothing to build for TP_1
Info: Nothing to build for TP_1
Info: Nothing to build for TP_1
16:26:20 **** Incremental Build of configuration Debug for project TP_1 ****
Info: Internal Builder is used for build
gcc -O0 -g3 -Wall -c -fmessage-length=0 -o "src\\validaciones.o" "..\\src\\validaciones.c" 
gcc -o TP_1.exe "src\\TP_1.o" "src\\validaciones.o" 
Info: Nothing to build for TP_1
Info: Nothing to build for TP_1
Info: Nothing to build for TP_1
Info: Nothing to build for TP_1
Info: Nothing to build for TP_1
Info: Nothing to build for TP_1
16:31:17 **** Incremental Build of configuration Debug for project TP_1 ****
Info: Internal Builder is used for build
gcc -O0 -g3 -Wall -c -fmessage-length=0 -o "src\\validaciones.o" "..\\src\\validaciones.c" 
gcc -O0 -g3 -Wall -c -fmessage-length=0 -o "src\\TP_1.o" "..\\src\\TP_1.c" 
gcc -o TP_1.exe "src\\TP_1.o" "src\\validaciones.o" 
Info: Nothing to build for TP_1
16:33:05 **** Incremental Build of configuration Debug for project TP_1 ****
Info: Internal Builder is used for build
gcc -O0 -g3 -Wall -c -fmessage-length=0 -o "src\\validaciones.o" "..\\src\\validaciones.c" 
gcc -o TP_1.exe "src\\TP_1.o" "src\\validaciones.o" 
Info: Nothing to build for TP_1
16:33:55 **** Incremental Build of configuration Debug for project TP_1 ****
Info: Internal Builder is used for build
gcc -O0 -g3 -Wall -c -fmessage-length=0 -o "src\\validaciones.o" "..\\src\\validaciones.c" 
gcc -o TP_1.exe "src\\TP_1.o" "src\\validaciones.o" 
Info: Nothing to build for TP_1
16:35:16 **** Incremental Build of configuration Debug for project TP_1 ****
Info: Internal Builder is used for build
gcc -O0 -g3 -Wall -c -fmessage-length=0 -o "src\\validaciones.o" "..\\src\\validaciones.c" 
gcc -o TP_1.exe "src\\TP_1.o" "src\\validaciones.o" 
Info: Nothing to build for TP_1
16:35:47 **** Incremental Build of configuration Debug for project TP_1 ****
Info: Internal Builder is used for build
gcc -O0 -g3 -Wall -c -fmessage-length=0 -o "src\\validaciones.o" "..\\src\\validaciones.c" 
gcc -o TP_1.exe "src\\TP_1.o" "src\\validaciones.o" 
Info: Nothing to build for TP_1
16:36:19 **** Incremental Build of configuration Debug for project TP_1 ****
Info: Internal Builder is used for build
gcc -O0 -g3 -Wall -c -fmessage-length=0 -o "src\\validaciones.o" "..\\src\\validaciones.c" 
gcc -o TP_1.exe "src\\TP_1.o" "src\\validaciones.o" 
Info: Nothing to build for TP_1
16:36:43 **** Incremental Build of configuration Debug for project TP_1 ****
Info: Internal Builder is used for build
gcc -O0 -g3 -Wall -c -fmessage-length=0 -o "src\\validaciones.o" "..\\src\\validaciones.c" 
gcc -o TP_1.exe "src\\TP_1.o" "src\\validaciones.o" 
16:37:22 **** Incremental Build of configuration Debug for project TP_1 ****
Info: Internal Builder is used for build
gcc -O0 -g3 -Wall -c -fmessage-length=0 -o "src\\validaciones.o" "..\\src\\validaciones.c" 
..\src\validaciones.c: In function 'valPrecioLatam':
..\src\validaciones.c:45:3: warning: implicit declaration of function 'print' [-Wimplicit-function-declaration]
   print("\n");
   ^~~~~
gcc -o TP_1.exe "src\\TP_1.o" "src\\validaciones.o" 
src\validaciones.o: In function `valPrecioLatam':
C:\Users\BETO\eclipse-workspace\TPs\TP_1\Debug/../src/validaciones.c:45: undefined reference to `print'
src\validaciones.o: In function `valPrecioAerolineas':
C:\Users\BETO\eclipse-workspace\TPs\TP_1\Debug/../src/validaciones.c:70: undefined reference to `print'
collect2.exe: error: ld returned 1 exit status
16:37:36 **** Incremental Build of configuration Debug for project TP_1 ****
Info: Internal Builder is used for build
gcc -O0 -g3 -Wall -c -fmessage-length=0 -o "src\\validaciones.o" "..\\src\\validaciones.c" 
gcc -o TP_1.exe "src\\TP_1.o" "src\\validaciones.o" 
Info: Nothing to build for TP_1
16:38:20 **** Incremental Build of configuration Debug for project TP_1 ****
Info: Internal Builder is used for build
gcc -O0 -g3 -Wall -c -fmessage-length=0 -o "src\\validaciones.o" "..\\src\\validaciones.c" 
gcc -o TP_1.exe "src\\TP_1.o" "src\\validaciones.o" 
Info: Nothing to build for TP_1
Info: Nothing to build for TP_1
Info: Nothing to build for TP_1
16:40:05 **** Incremental Build of configuration Debug for project TP_1 ****
Info: Internal Builder is used for build
gcc -O0 -g3 -Wall -c -fmessage-length=0 -o "src\\validaciones.o" "..\\src\\validaciones.c" 
gcc -o TP_1.exe "src\\TP_1.o" "src\\validaciones.o" 
Info: Nothing to build for TP_1
16:41:38 **** Incremental Build of configuration Debug for project TP_1 ****
Info: Internal Builder is used for build
gcc -O0 -g3 -Wall -c -fmessage-length=0 -o "src\\validaciones.o" "..\\src\\validaciones.c" 
gcc -o TP_1.exe "src\\TP_1.o" "src\\validaciones.o" 
Info: Nothing to build for TP_1
16:42:46 **** Incremental Build of configuration Debug for project TP_1 ****
Info: Internal Builder is used for build
gcc -O0 -g3 -Wall -c -fmessage-length=0 -o "src\\validaciones.o" "..\\src\\validaciones.c" 
gcc -o TP_1.exe "src\\TP_1.o" "src\\validaciones.o" 
Info: Nothing to build for TP_1
16:43:44 **** Incremental Build of configuration Debug for project TP_1 ****
Info: Internal Builder is used for build
gcc -O0 -g3 -Wall -c -fmessage-length=0 -o "src\\validaciones.o" "..\\src\\validaciones.c" 
gcc -o TP_1.exe "src\\TP_1.o" "src\\validaciones.o" 
Info: Nothing to build for TP_1
18:17:51 **** Incremental Build of configuration Debug for project TP_1 ****
Info: Internal Builder is used for build
gcc -O0 -g3 -Wall -c -fmessage-length=0 -o "src\\TP_1.o" "..\\src\\TP_1.c" 
..\src\TP_1.c: In function 'main':
..\src\TP_1.c:63:16: warning: implicit declaration of function 'debitoDesc' [-Wimplicit-function-declaration]
       debito = debitoDesc(debito);
                ^~~~~~~~~~
..\src\TP_1.c:64:17: warning: implicit declaration of function 'creditoRec' [-Wimplicit-function-declaration]
       credito = creditoRec(credito);
                 ^~~~~~~~~~
..\src\TP_1.c:65:17: warning: implicit declaration of function 'precBitcoin' [-Wimplicit-function-declaration]
       bitcoin = precBitcoin(bitcoin);
                 ^~~~~~~~~~~
..\src\TP_1.c:66:24: warning: implicit declaration of function 'precUnit' [-Wimplicit-function-declaration]
       precioUnitario = precUnit(precUnit);
                        ^~~~~~~~
..\src\TP_1.c:67:22: warning: implicit declaration of function 'diferencia' [-Wimplicit-function-declaration]
       difPrecioIng = diferencia(difPrecioIng);
                      ^~~~~~~~~~
..\src\TP_1.c:27:8: warning: variable 'precioUnitario' set but not used [-Wunused-but-set-variable]
  float precioUnitario;
        ^~~~~~~~~~~~~~
gcc -O0 -g3 -Wall -c -fmessage-length=0 -o "src\\calculos.o" "..\\src\\calculos.c" 
gcc -o TP_1.exe "src\\TP_1.o" "src\\calculos.o" "src\\validaciones.o" 
src\TP_1.o: In function `main':
C:\Users\BETO\eclipse-workspace\TPs\TP_1\Debug/../src/TP_1.c:63: undefined reference to `debitoDesc'
C:\Users\BETO\eclipse-workspace\TPs\TP_1\Debug/../src/TP_1.c:64: undefined reference to `creditoRec'
C:\Users\BETO\eclipse-workspace\TPs\TP_1\Debug/../src/TP_1.c:65: undefined reference to `precBitcoin'
C:\Users\BETO\eclipse-workspace\TPs\TP_1\Debug/../src/TP_1.c:66: undefined reference to `precUnit'
C:\Users\BETO\eclipse-workspace\TPs\TP_1\Debug/../src/TP_1.c:66: undefined reference to `precUnit'
C:\Users\BETO\eclipse-workspace\TPs\TP_1\Debug/../src/TP_1.c:67: undefined reference to `diferencia'
collect2.exe: error: ld returned 1 exit status
18:25:47 **** Incremental Build of configuration Debug for project TP_1 ****
Info: Internal Builder is used for build
gcc -O0 -g3 -Wall -c -fmessage-length=0 -o "src\\TP_1.o" "..\\src\\TP_1.c" 
..\src\TP_1.c: In function 'main':
..\src\TP_1.c:62:16: warning: implicit declaration of function 'debitoDesc' [-Wimplicit-function-declaration]
       debito = debitoDesc(debito);
                ^~~~~~~~~~
..\src\TP_1.c:63:17: warning: implicit declaration of function 'creditoRec' [-Wimplicit-function-declaration]
       credito = creditoRec(credito);
                 ^~~~~~~~~~
..\src\TP_1.c:64:17: warning: implicit declaration of function 'precBitcoin' [-Wimplicit-function-declaration]
       bitcoin = precBitcoin(bitcoin);
                 ^~~~~~~~~~~
..\src\TP_1.c:65:24: warning: implicit declaration of function 'precUnit' [-Wimplicit-function-declaration]
       precioUnitario = precUnit(precioUnitario);
                        ^~~~~~~~
..\src\TP_1.c:66:22: warning: implicit declaration of function 'diferencia' [-Wimplicit-function-declaration]
       difPrecioIng = diferencia(difPrecioIng);
                      ^~~~~~~~~~
gcc -o TP_1.exe "src\\TP_1.o" "src\\calculos.o" "src\\validaciones.o" 
src\TP_1.o: In function `main':
C:\Users\BETO\eclipse-workspace\TPs\TP_1\Debug/../src/TP_1.c:62: undefined reference to `debitoDesc'
C:\Users\BETO\eclipse-workspace\TPs\TP_1\Debug/../src/TP_1.c:63: undefined reference to `creditoRec'
C:\Users\BETO\eclipse-workspace\TPs\TP_1\Debug/../src/TP_1.c:64: undefined reference to `precBitcoin'
C:\Users\BETO\eclipse-workspace\TPs\TP_1\Debug/../src/TP_1.c:65: undefined reference to `precUnit'
C:\Users\BETO\eclipse-workspace\TPs\TP_1\Debug/../src/TP_1.c:66: undefined reference to `diferencia'
collect2.exe: error: ld returned 1 exit status
18:25:52 **** Incremental Build of configuration Debug for project TP_1 ****
Info: Internal Builder is used for build
gcc -o TP_1.exe "src\\TP_1.o" "src\\calculos.o" "src\\validaciones.o" 
src\TP_1.o: In function `main':
C:\Users\BETO\eclipse-workspace\TPs\TP_1\Debug/../src/TP_1.c:62: undefined reference to `debitoDesc'
C:\Users\BETO\eclipse-workspace\TPs\TP_1\Debug/../src/TP_1.c:63: undefined reference to `creditoRec'
C:\Users\BETO\eclipse-workspace\TPs\TP_1\Debug/../src/TP_1.c:64: undefined reference to `precBitcoin'
C:\Users\BETO\eclipse-workspace\TPs\TP_1\Debug/../src/TP_1.c:65: undefined reference to `precUnit'
C:\Users\BETO\eclipse-workspace\TPs\TP_1\Debug/../src/TP_1.c:66: undefined reference to `diferencia'
collect2.exe: error: ld returned 1 exit status
18:34:51 **** Incremental Build of configuration Debug for project TP_1 ****
Info: Internal Builder is used for build
gcc -O0 -g3 -Wall -c -fmessage-length=0 -o "src\\TP_1.o" "..\\src\\TP_1.c" 
..\src\TP_1.c: In function 'main':
..\src\TP_1.c:28:8: warning: unused variable 'difPrecioIng' [-Wunused-variable]
  float difPrecioIng;
        ^~~~~~~~~~~~
..\src\TP_1.c:27:8: warning: unused variable 'precioUnitario' [-Wunused-variable]
  float precioUnitario;
        ^~~~~~~~~~~~~~
..\src\TP_1.c:26:8: warning: unused variable 'bitcoin' [-Wunused-variable]
  float bitcoin;
        ^~~~~~~
..\src\TP_1.c:25:8: warning: unused variable 'credito' [-Wunused-variable]
  float credito;
        ^~~~~~~
..\src\TP_1.c:24:8: warning: unused variable 'debito' [-Wunused-variable]
  float debito;
        ^~~~~~
gcc -O0 -g3 -Wall -c -fmessage-length=0 -o "src\\calculos.o" "..\\src\\calculos.c" 
gcc -o TP_1.exe "src\\TP_1.o" "src\\calculos.o" "src\\validaciones.o" 
18:35:08 **** Incremental Build of configuration Debug for project TP_1 ****
Info: Internal Builder is used for build
gcc -O0 -g3 -Wall -c -fmessage-length=0 -o "src\\TP_1.o" "..\\src\\TP_1.c" 
gcc -o TP_1.exe "src\\TP_1.o" "src\\calculos.o" "src\\validaciones.o" 
Info: Nothing to build for TP_1
18:39:06 **** Incremental Build of configuration Debug for project TP_1 ****
Info: Internal Builder is used for build
gcc -O0 -g3 -Wall -c -fmessage-length=0 -o "src\\validaciones.o" "..\\src\\validaciones.c" 
gcc -O0 -g3 -Wall -c -fmessage-length=0 -o "src\\TP_1.o" "..\\src\\TP_1.c" 
gcc -o TP_1.exe "src\\TP_1.o" "src\\calculos.o" "src\\validaciones.o" 
Info: Nothing to build for TP_1
18:41:26 **** Incremental Build of configuration Debug for project TP_1 ****
Info: Internal Builder is used for build
gcc -O0 -g3 -Wall -c -fmessage-length=0 -o "src\\validaciones.o" "..\\src\\validaciones.c" 
gcc -o TP_1.exe "src\\TP_1.o" "src\\calculos.o" "src\\validaciones.o" 
Info: Nothing to build for TP_1
18:42:57 **** Incremental Build of configuration Debug for project TP_1 ****
Info: Internal Builder is used for build
gcc -O0 -g3 -Wall -c -fmessage-length=0 -o "src\\validaciones.o" "..\\src\\validaciones.c" 
gcc -o TP_1.exe "src\\TP_1.o" "src\\calculos.o" "src\\validaciones.o" 
Info: Nothing to build for TP_1
18:43:44 **** Incremental Build of configuration Debug for project TP_1 ****
Info: Internal Builder is used for build
gcc -O0 -g3 -Wall -c -fmessage-length=0 -o "src\\validaciones.o" "..\\src\\validaciones.c" 
gcc -o TP_1.exe "src\\TP_1.o" "src\\calculos.o" "src\\validaciones.o" 
Info: Nothing to build for TP_1
18:45:32 **** Incremental Build of configuration Debug for project TP_1 ****
Info: Internal Builder is used for build
gcc -O0 -g3 -Wall -c -fmessage-length=0 -o "src\\validaciones.o" "..\\src\\validaciones.c" 
gcc -O0 -g3 -Wall -c -fmessage-length=0 -o "src\\TP_1.o" "..\\src\\TP_1.c" 
gcc -o TP_1.exe "src\\TP_1.o" "src\\calculos.o" "src\\validaciones.o" 
Info: Nothing to build for TP_1
18:47:30 **** Incremental Build of configuration Debug for project TP_1 ****
Info: Internal Builder is used for build
gcc -O0 -g3 -Wall -c -fmessage-length=0 -o "src\\TP_1.o" "..\\src\\TP_1.c" 
gcc -o TP_1.exe "src\\TP_1.o" "src\\calculos.o" "src\\validaciones.o" 
Info: Nothing to build for TP_1
18:54:50 **** Incremental Build of configuration Debug for project TP_1 ****
Info: Internal Builder is used for build
gcc -O0 -g3 -Wall -c -fmessage-length=0 -o "src\\validaciones.o" "..\\src\\validaciones.c" 
gcc -o TP_1.exe "src\\TP_1.o" "src\\calculos.o" "src\\validaciones.o" 
Info: Nothing to build for TP_1
19:24:57 **** Incremental Build of configuration Debug for project TP_1 ****
Info: Internal Builder is used for build
gcc -O0 -g3 -Wall -c -fmessage-length=0 -o "src\\TP_1.o" "..\\src\\TP_1.c" 
..\src\TP_1.c: In function 'main':
..\src\TP_1.c:70:15: warning: implicit declaration of function 'debito' [-Wimplicit-function-declaration]
     debitoL = debito(debitoL);
               ^~~~~~
..\src\TP_1.c:71:16: warning: implicit declaration of function 'credito' [-Wimplicit-function-declaration]
     creditoL = credito(creditoL);
                ^~~~~~~
..\src\TP_1.c:72:16: warning: implicit declaration of function 'bitcoin' [-Wimplicit-function-declaration]
     bitcoinL = bitcoin(bitcoinL);
                ^~~~~~~
..\src\TP_1.c:73:23: warning: implicit declaration of function 'PrecioUnitario' [-Wimplicit-function-declaration]
     precioUnitarioL = PrecioUnitario(precioUnitarioL);
                       ^~~~~~~~~~~~~~
..\src\TP_1.c:79:23: warning: implicit declaration of function 'precioUnitario' [-Wimplicit-function-declaration]
     precioUnitarioA = precioUnitario(precioUnitarioA);
                       ^~~~~~~~~~~~~~
..\src\TP_1.c:82:18: warning: implicit declaration of function 'diferencia' [-Wimplicit-function-declaration]
     difPrecios = diferencia(precioLatam, precioAerolineas);
                  ^~~~~~~~~~
..\src\TP_1.c:38:8: warning: variable 'difPrecios' set but not used [-Wunused-but-set-variable]
  float difPrecios;
        ^~~~~~~~~~
gcc -O0 -g3 -Wall -c -fmessage-length=0 -o "src\\calculos.o" "..\\src\\calculos.c" 
..\src\calculos.c: In function 'debito':
..\src\calculos.c:10:1: warning: control reaches end of non-void function [-Wreturn-type]
 }
 ^
gcc -o TP_1.exe "src\\TP_1.o" "src\\calculos.o" "src\\validaciones.o" 
src\TP_1.o: In function `main':
C:\Users\BETO\eclipse-workspace\TPs\TP_1\Debug/../src/TP_1.c:71: undefined reference to `credito'
C:\Users\BETO\eclipse-workspace\TPs\TP_1\Debug/../src/TP_1.c:72: undefined reference to `bitcoin'
C:\Users\BETO\eclipse-workspace\TPs\TP_1\Debug/../src/TP_1.c:73: undefined reference to `PrecioUnitario'
C:\Users\BETO\eclipse-workspace\TPs\TP_1\Debug/../src/TP_1.c:77: undefined reference to `credito'
C:\Users\BETO\eclipse-workspace\TPs\TP_1\Debug/../src/TP_1.c:78: undefined reference to `bitcoin'
C:\Users\BETO\eclipse-workspace\TPs\TP_1\Debug/../src/TP_1.c:79: undefined reference to `precioUnitario'
C:\Users\BETO\eclipse-workspace\TPs\TP_1\Debug/../src/TP_1.c:82: undefined reference to `diferencia'
collect2.exe: error: ld returned 1 exit status
20:36:04 **** Incremental Build of configuration Debug for project TP_1 ****
Info: Internal Builder is used for build
gcc -O0 -g3 -Wall -c -fmessage-length=0 -o "src\\calculos.o" "..\\src\\calculos.c" 
gcc -O0 -g3 -Wall -c -fmessage-length=0 -o "src\\TP_1.o" "..\\src\\TP_1.c" 
..\src\TP_1.c: In function 'main':
..\src\TP_1.c:73:15: warning: implicit declaration of function 'debito' [-Wimplicit-function-declaration]
     debitoL = debito(debitoL, descuento);
               ^~~~~~
..\src\TP_1.c:74:16: warning: implicit declaration of function 'credito' [-Wimplicit-function-declaration]
     creditoL = credito(creditoL, interes);
                ^~~~~~~
..\src\TP_1.c:75:16: warning: implicit declaration of function 'bitcoin' [-Wimplicit-function-declaration]
     bitcoinL = bitcoin(bitcoinL, bitcoinPrecio);
                ^~~~~~~
..\src\TP_1.c:76:23: warning: implicit declaration of function 'PrecioUnitario' [-Wimplicit-function-declaration]
     precioUnitarioL = PrecioUnitario(precioUnitarioL, km);
                       ^~~~~~~~~~~~~~
..\src\TP_1.c:76:55: error: 'km' undeclared (first use in this function)
     precioUnitarioL = PrecioUnitario(precioUnitarioL, km);
                                                       ^~
..\src\TP_1.c:76:55: note: each undeclared identifier is reported only once for each function it appears in
..\src\TP_1.c:82:23: warning: implicit declaration of function 'precioUnitario' [-Wimplicit-function-declaration]
     precioUnitarioA = precioUnitario(precioUnitarioA, km);
                       ^~~~~~~~~~~~~~
..\src\TP_1.c:85:18: warning: implicit declaration of function 'diferencia' [-Wimplicit-function-declaration]
     difPrecios = diferencia(precioLatam, precioAerolineas);
                  ^~~~~~~~~~
..\src\TP_1.c:41:8: warning: variable 'difPrecios' set but not used [-Wunused-but-set-variable]
  float difPrecios;
        ^~~~~~~~~~
20:37:28 **** Incremental Build of configuration Debug for project TP_1 ****
Info: Internal Builder is used for build
gcc -O0 -g3 -Wall -c -fmessage-length=0 -o "src\\TP_1.o" "..\\src\\TP_1.c" 
..\src\TP_1.c: In function 'main':
..\src\TP_1.c:73:15: warning: implicit declaration of function 'debito' [-Wimplicit-function-declaration]
     debitoL = debito(debitoL, descuento);
               ^~~~~~
..\src\TP_1.c:41:8: warning: unused variable 'difPrecios' [-Wunused-variable]
  float difPrecios;
        ^~~~~~~~~~
..\src\TP_1.c:38:8: warning: unused variable 'precioUnitarioA' [-Wunused-variable]
  float precioUnitarioA;
        ^~~~~~~~~~~~~~~
..\src\TP_1.c:37:8: warning: unused variable 'bitcoinA' [-Wunused-variable]
  float bitcoinA;
        ^~~~~~~~
..\src\TP_1.c:36:8: warning: unused variable 'creditoA' [-Wunused-variable]
  float creditoA;
        ^~~~~~~~
..\src\TP_1.c:32:8: warning: unused variable 'precioUnitarioL' [-Wunused-variable]
  float precioUnitarioL;
        ^~~~~~~~~~~~~~~
..\src\TP_1.c:31:8: warning: unused variable 'bitcoinL' [-Wunused-variable]
  float bitcoinL;
        ^~~~~~~~
..\src\TP_1.c:30:8: warning: unused variable 'creditoL' [-Wunused-variable]
  float creditoL;
        ^~~~~~~~
..\src\TP_1.c:26:8: warning: unused variable 'bitcoinPrecio' [-Wunused-variable]
  float bitcoinPrecio = 4770233.18;
        ^~~~~~~~~~~~~
..\src\TP_1.c:25:6: warning: unused variable 'interes' [-Wunused-variable]
  int interes = 15;
      ^~~~~~~
gcc -o TP_1.exe "src\\TP_1.o" "src\\calculos.o" "src\\validaciones.o" 
20:38:09 **** Incremental Build of configuration Debug for project TP_1 ****
Info: Internal Builder is used for build
gcc -O0 -g3 -Wall -c -fmessage-length=0 -o "src\\TP_1.o" "..\\src\\TP_1.c" 
..\src\TP_1.c: In function 'main':
..\src\TP_1.c:73:15: warning: implicit declaration of function 'debito' [-Wimplicit-function-declaration]
     debitoL = debito(debitoL, descuento);
               ^~~~~~
gcc -o TP_1.exe "src\\TP_1.o" "src\\calculos.o" "src\\validaciones.o" 
Info: Nothing to build for TP_1
Info: Nothing to build for TP_1
Info: Nothing to build for TP_1
20:41:36 **** Incremental Build of configuration Debug for project TP_1 ****
Info: Internal Builder is used for build
gcc -O0 -g3 -Wall -c -fmessage-length=0 -o "src\\TP_1.o" "..\\src\\TP_1.c" 
..\src\TP_1.c: In function 'main':
..\src\TP_1.c:73:15: warning: implicit declaration of function 'debito' [-Wimplicit-function-declaration]
     debitoL = debito(debitoL, descuento);
               ^~~~~~
..\src\TP_1.c:88:53: error: 'precioFinal' undeclared (first use in this function)
     printf("El descuento de precio latam es: %.2f", precioFinal);
                                                     ^~~~~~~~~~~
..\src\TP_1.c:88:53: note: each undeclared identifier is reported only once for each function it appears in
20:43:45 **** Incremental Build of configuration Debug for project TP_1 ****
Info: Internal Builder is used for build
gcc -O0 -g3 -Wall -c -fmessage-length=0 -o "src\\TP_1.o" "..\\src\\TP_1.c" 
..\src\TP_1.c: In function 'main':
..\src\TP_1.c:73:15: warning: implicit declaration of function 'debito' [-Wimplicit-function-declaration]
     debitoL = debito(debitoL, descuento);
               ^~~~~~
gcc -o TP_1.exe "src\\TP_1.o" "src\\calculos.o" "src\\validaciones.o" 
20:46:12 **** Incremental Build of configuration Debug for project TP_1 ****
Info: Internal Builder is used for build
gcc -O0 -g3 -Wall -c -fmessage-length=0 -o "src\\TP_1.o" "..\\src\\TP_1.c" 
..\src\TP_1.c: In function 'main':
..\src\TP_1.c:73:19: warning: implicit declaration of function 'debito' [-Wimplicit-function-declaration]
     debitoLatam = debito(debitoLatam, descuento);
                   ^~~~~~
gcc -o TP_1.exe "src\\TP_1.o" "src\\calculos.o" "src\\validaciones.o" 
20:47:15 **** Incremental Build of configuration Debug for project TP_1 ****
Info: Internal Builder is used for build
gcc -O0 -g3 -Wall -c -fmessage-length=0 -o "src\\calculos.o" "..\\src\\calculos.c" 
gcc -O0 -g3 -Wall -c -fmessage-length=0 -o "src\\TP_1.o" "..\\src\\TP_1.c" 
..\src\TP_1.c: In function 'main':
..\src\TP_1.c:73:19: warning: implicit declaration of function 'debitoF' [-Wimplicit-function-declaration]
     debitoLatam = debitoF(debitoLatam, descuento);
                   ^~~~~~~
gcc -o TP_1.exe "src\\TP_1.o" "src\\calculos.o" "src\\validaciones.o" 
Info: Nothing to build for TP_1
Info: Nothing to build for TP_1
20:56:07 **** Incremental Build of configuration Debug for project TP_1 ****
Info: Internal Builder is used for build
gcc -O0 -g3 -Wall -c -fmessage-length=0 -o "src\\calculos.o" "..\\src\\calculos.c" 
gcc -O0 -g3 -Wall -c -fmessage-length=0 -o "src\\TP_1.o" "..\\src\\TP_1.c" 
..\src\TP_1.c: In function 'main':
..\src\TP_1.c:72:19: warning: implicit declaration of function 'debitoF' [-Wimplicit-function-declaration]
     debitoLatam = debitoF(debitoLatam);
                   ^~~~~~~
gcc -o TP_1.exe "src\\TP_1.o" "src\\calculos.o" "src\\validaciones.o" 
20:56:46 **** Incremental Build of configuration Debug for project TP_1 ****
Info: Internal Builder is used for build
gcc -O0 -g3 -Wall -c -fmessage-length=0 -o "src\\TP_1.o" "..\\src\\TP_1.c" 
..\src\TP_1.c: In function 'main':
..\src\TP_1.c:72:19: warning: implicit declaration of function 'debito' [-Wimplicit-function-declaration]
     debitoLatam = debito(debitoLatam);
                   ^~~~~~
gcc -o TP_1.exe "src\\TP_1.o" "src\\calculos.o" "src\\validaciones.o" 
src\TP_1.o: In function `main':
C:\Users\BETO\eclipse-workspace\TPs\TP_1\Debug/../src/TP_1.c:72: undefined reference to `debito'
C:\Users\BETO\eclipse-workspace\TPs\TP_1\Debug/../src/TP_1.c:78: undefined reference to `debito'
collect2.exe: error: ld returned 1 exit status
20:57:01 **** Incremental Build of configuration Debug for project TP_1 ****
Info: Internal Builder is used for build
gcc -O0 -g3 -Wall -c -fmessage-length=0 -o "src\\calculos.o" "..\\src\\calculos.c" 
gcc -o TP_1.exe "src\\TP_1.o" "src\\calculos.o" "src\\validaciones.o" 
Info: Nothing to build for TP_1
Info: Nothing to build for TP_1
Info: Nothing to build for TP_1
21:02:19 **** Incremental Build of configuration Debug for project TP_1 ****
Info: Internal Builder is used for build
gcc -O0 -g3 -Wall -c -fmessage-length=0 -o "src\\TP_1.o" "..\\src\\TP_1.c" 
..\src\TP_1.c: In function 'main':
..\src\TP_1.c:72:19: warning: implicit declaration of function 'debito' [-Wimplicit-function-declaration]
     debitoLatam = debito(precioLatam);
                   ^~~~~~
gcc -o TP_1.exe "src\\TP_1.o" "src\\calculos.o" "src\\validaciones.o" 
21:03:55 **** Incremental Build of configuration Debug for project TP_1 ****
Info: Internal Builder is used for build
gcc -O0 -g3 -Wall -c -fmessage-length=0 -o "src\\TP_1.o" "..\\src\\TP_1.c" 
..\src\TP_1.c: In function 'main':
..\src\TP_1.c:72:19: warning: implicit declaration of function 'calculodebito' [-Wimplicit-function-declaration]
     debitoLatam = calculodebito(precioLatam);
                   ^~~~~~~~~~~~~
..\src\TP_1.c:78:24: warning: implicit declaration of function 'debito' [-Wimplicit-function-declaration]
     debitoAerolineas = debito(precioAerolineas);
                        ^~~~~~
gcc -o TP_1.exe "src\\TP_1.o" "src\\calculos.o" "src\\validaciones.o" 
src\TP_1.o: In function `main':
C:\Users\BETO\eclipse-workspace\TPs\TP_1\Debug/../src/TP_1.c:72: undefined reference to `calculodebito'
collect2.exe: error: ld returned 1 exit status
21:04:11 **** Incremental Build of configuration Debug for project TP_1 ****
Info: Internal Builder is used for build
gcc -O0 -g3 -Wall -c -fmessage-length=0 -o "src\\calculos.o" "..\\src\\calculos.c" 
gcc -o TP_1.exe "src\\TP_1.o" "src\\calculos.o" "src\\validaciones.o" 
src\TP_1.o: In function `main':
C:\Users\BETO\eclipse-workspace\TPs\TP_1\Debug/../src/TP_1.c:78: undefined reference to `debito'
collect2.exe: error: ld returned 1 exit status
21:04:32 **** Incremental Build of configuration Debug for project TP_1 ****
Info: Internal Builder is used for build
gcc -O0 -g3 -Wall -c -fmessage-length=0 -o "src\\TP_1.o" "..\\src\\TP_1.c" 
..\src\TP_1.c: In function 'main':
..\src\TP_1.c:72:19: warning: implicit declaration of function 'calculodebito' [-Wimplicit-function-declaration]
     debitoLatam = calculodebito(precioLatam);
                   ^~~~~~~~~~~~~
gcc -o TP_1.exe "src\\TP_1.o" "src\\calculos.o" "src\\validaciones.o" 
Info: Nothing to build for TP_1
21:06:54 **** Incremental Build of configuration Debug for project TP_1 ****
Info: Internal Builder is used for build
gcc -O0 -g3 -Wall -c -fmessage-length=0 -o "src\\TP_1.o" "..\\src\\TP_1.c" 
..\src\TP_1.c: In function 'main':
..\src\TP_1.c:72:19: warning: implicit declaration of function 'calculodebito' [-Wimplicit-function-declaration]
     debitoLatam = calculodebito(precioLatam);
                   ^~~~~~~~~~~~~
gcc -o TP_1.exe "src\\TP_1.o" "src\\calculos.o" "src\\validaciones.o" 
21:08:51 **** Incremental Build of configuration Debug for project TP_1 ****
Info: Internal Builder is used for build
gcc -O0 -g3 -Wall -c -fmessage-length=0 -o "src\\calculos.o" "..\\src\\calculos.c" 
gcc -O0 -g3 -Wall -c -fmessage-length=0 -o "src\\TP_1.o" "..\\src\\TP_1.c" 
..\src\TP_1.c: In function 'main':
..\src\TP_1.c:72:19: warning: implicit declaration of function 'calculodebito' [-Wimplicit-function-declaration]
     debitoLatam = calculodebito(precioLatam);
                   ^~~~~~~~~~~~~
..\src\TP_1.c:78:24: warning: implicit declaration of function 'calculoDebito' [-Wimplicit-function-declaration]
     debitoAerolineas = calculoDebito(precioAerolineas);
                        ^~~~~~~~~~~~~
gcc -o TP_1.exe "src\\TP_1.o" "src\\calculos.o" "src\\validaciones.o" 
src\TP_1.o: In function `main':
C:\Users\BETO\eclipse-workspace\TPs\TP_1\Debug/../src/TP_1.c:72: undefined reference to `calculodebito'
collect2.exe: error: ld returned 1 exit status
21:09:15 **** Incremental Build of configuration Debug for project TP_1 ****
Info: Internal Builder is used for build
gcc -O0 -g3 -Wall -c -fmessage-length=0 -o "src\\TP_1.o" "..\\src\\TP_1.c" 
..\src\TP_1.c: In function 'main':
..\src\TP_1.c:72:19: warning: implicit declaration of function 'calculoDebito' [-Wimplicit-function-declaration]
     debitoLatam = calculoDebito(precioLatam);
                   ^~~~~~~~~~~~~
gcc -o TP_1.exe "src\\TP_1.o" "src\\calculos.o" "src\\validaciones.o" 
21:09:39 **** Incremental Build of configuration Debug for project TP_1 ****
Info: Internal Builder is used for build
gcc -O0 -g3 -Wall -c -fmessage-length=0 -o "src\\TP_1.o" "..\\src\\TP_1.c" 
..\src\TP_1.c: In function 'main':
..\src\TP_1.c:72:19: warning: implicit declaration of function 'calculoDebito' [-Wimplicit-function-declaration]
     debitoLatam = calculoDebito(float precioLatam);
                   ^~~~~~~~~~~~~
..\src\TP_1.c:72:33: error: expected expression before 'float'
     debitoLatam = calculoDebito(float precioLatam);
                                 ^~~~~
21:09:51 **** Incremental Build of configuration Debug for project TP_1 ****
Info: Internal Builder is used for build
gcc -O0 -g3 -Wall -c -fmessage-length=0 -o "src\\TP_1.o" "..\\src\\TP_1.c" 
..\src\TP_1.c: In function 'main':
..\src\TP_1.c:72:19: warning: implicit declaration of function 'calculoDebito' [-Wimplicit-function-declaration]
     debitoLatam = calculoDebito(precioLatam);
                   ^~~~~~~~~~~~~
gcc -o TP_1.exe "src\\TP_1.o" "src\\calculos.o" "src\\validaciones.o" 
21:10:18 **** Incremental Build of configuration Debug for project TP_1 ****
Info: Internal Builder is used for build
gcc -O0 -g3 -Wall -c -fmessage-length=0 -o "src\\calculos.o" "..\\src\\calculos.c" 
gcc -O0 -g3 -Wall -c -fmessage-length=0 -o "src\\TP_1.o" "..\\src\\TP_1.c" 
..\src\TP_1.c: In function 'main':
..\src\TP_1.c:72:19: warning: implicit declaration of function 'CalculoDebito' [-Wimplicit-function-declaration]
     debitoLatam = CalculoDebito(precioLatam);
                   ^~~~~~~~~~~~~
gcc -o TP_1.exe "src\\TP_1.o" "src\\calculos.o" "src\\validaciones.o" 
Info: Nothing to build for TP_1
Info: Nothing to build for TP_1
Info: Nothing to build for TP_1
Info: Nothing to build for TP_1
Info: Nothing to build for TP_1
21:14:06 **** Incremental Build of configuration Debug for project TP_1 ****
Info: Internal Builder is used for build
gcc -O0 -g3 -Wall -c -fmessage-length=0 -o "src\\TP_1.o" "..\\src\\TP_1.c" 
..\src\TP_1.c: In function 'main':
..\src\TP_1.c:72:33: error: incompatible type for argument 1 of 'CalculoDebito'
     debitoLatam = CalculoDebito(precioLatam);
                                 ^~~~~~~~~~~
In file included from ..\src\TP_1.c:16:0:
..\src\calculos.h:10:7: note: expected 'float *' but argument is of type 'float'
 float CalculoDebito(float* precioVuelo);
       ^~~~~~~~~~~~~
..\src\TP_1.c:78:38: error: incompatible type for argument 1 of 'CalculoDebito'
     debitoAerolineas = CalculoDebito(precioAerolineas);
                                      ^~~~~~~~~~~~~~~~
In file included from ..\src\TP_1.c:16:0:
..\src\calculos.h:10:7: note: expected 'float *' but argument is of type 'float'
 float CalculoDebito(float* precioVuelo);
       ^~~~~~~~~~~~~
21:14:36 **** Incremental Build of configuration Debug for project TP_1 ****
Info: Internal Builder is used for build
gcc -O0 -g3 -Wall -c -fmessage-length=0 -o "src\\TP_1.o" "..\\src\\TP_1.c" 
..\src\TP_1.c: In function 'main':
..\src\TP_1.c:72:33: error: incompatible type for argument 1 of 'CalculoDebito'
     debitoLatam = CalculoDebito(precioLatam);
                                 ^~~~~~~~~~~
In file included from ..\src\TP_1.c:16:0:
..\src\calculos.h:10:7: note: expected 'float *' but argument is of type 'float'
 float CalculoDebito(float *precioVuelo);
       ^~~~~~~~~~~~~
..\src\TP_1.c:78:38: error: incompatible type for argument 1 of 'CalculoDebito'
     debitoAerolineas = CalculoDebito(precioAerolineas);
                                      ^~~~~~~~~~~~~~~~
In file included from ..\src\TP_1.c:16:0:
..\src\calculos.h:10:7: note: expected 'float *' but argument is of type 'float'
 float CalculoDebito(float *precioVuelo);
       ^~~~~~~~~~~~~
21:23:15 **** Incremental Build of configuration Debug for project TP_1 ****
Info: Internal Builder is used for build
gcc -O0 -g3 -Wall -c -fmessage-length=0 -o "src\\TP_1.o" "..\\src\\TP_1.c" 
gcc -o TP_1.exe "src\\TP_1.o" "src\\calculos.o" "src\\validaciones.o" 
Info: Nothing to build for TP_1
Info: Nothing to build for TP_1
Info: Nothing to build for TP_1
21:36:01 **** Incremental Build of configuration Debug for project TP_1 ****
Info: Internal Builder is used for build
gcc -O0 -g3 -Wall -c -fmessage-length=0 -o "src\\TP_1.o" "..\\src\\TP_1.c" 
gcc -o TP_1.exe "src\\TP_1.o" "src\\calculos.o" "src\\validaciones.o" 
Info: Nothing to build for TP_1
21:39:43 **** Incremental Build of configuration Debug for project TP_1 ****
Info: Internal Builder is used for build
gcc -O0 -g3 -Wall -c -fmessage-length=0 -o "src\\calculos.o" "..\\src\\calculos.c" 
gcc -O0 -g3 -Wall -c -fmessage-length=0 -o "src\\TP_1.o" "..\\src\\TP_1.c" 
..\src\TP_1.c: In function 'main':
..\src\TP_1.c:79:24: error: too few arguments to function 'CalculoDebito'
     debitoAerolineas = CalculoDebito(precioAerolineas);
                        ^~~~~~~~~~~~~
In file included from ..\src\TP_1.c:16:0:
..\src\calculos.h:10:7: note: declared here
 float CalculoDebito(float precioVuelo, float descuento);
       ^~~~~~~~~~~~~
..\src\TP_1.c:97:19: error: too few arguments to function 'CalculoDebito'
     debitoLatam = CalculoDebito(precioLatam);
                   ^~~~~~~~~~~~~
In file included from ..\src\TP_1.c:16:0:
..\src\calculos.h:10:7: note: declared here
 float CalculoDebito(float precioVuelo, float descuento);
       ^~~~~~~~~~~~~
..\src\TP_1.c:99:24: error: too few arguments to function 'CalculoDebito'
     debitoAerolineas = CalculoDebito(precioAerolineas);
                        ^~~~~~~~~~~~~
In file included from ..\src\TP_1.c:16:0:
..\src\calculos.h:10:7: note: declared here
 float CalculoDebito(float precioVuelo, float descuento);
       ^~~~~~~~~~~~~
21:40:42 **** Incremental Build of configuration Debug for project TP_1 ****
Info: Internal Builder is used for build
gcc -O0 -g3 -Wall -c -fmessage-length=0 -o "src\\TP_1.o" "..\\src\\TP_1.c" 
..\src\TP_1.c: In function 'main':
..\src\TP_1.c:99:24: error: too few arguments to function 'CalculoDebito'
     debitoAerolineas = CalculoDebito(precioAerolineas);
                        ^~~~~~~~~~~~~
In file included from ..\src\TP_1.c:16:0:
..\src\calculos.h:10:7: note: declared here
 float CalculoDebito(float precioVuelo, float descuento);
       ^~~~~~~~~~~~~
..\src\TP_1.c:100:12: warning: too many arguments for format [-Wformat-extra-args]
     printf("EL descuento de precio aerolineas es: %.2f", debitoAerolineas, descuento);
            ^~~~~~~~~~~~~~~~~~~~~~~~~~~~~~~~~~~~~~~~~~~~
21:41:04 **** Incremental Build of configuration Debug for project TP_1 ****
Info: Internal Builder is used for build
gcc -O0 -g3 -Wall -c -fmessage-length=0 -o "src\\TP_1.o" "..\\src\\TP_1.c" 
gcc -o TP_1.exe "src\\TP_1.o" "src\\calculos.o" "src\\validaciones.o" 
Info: Nothing to build for TP_1
21:51:07 **** Incremental Build of configuration Debug for project TP_1 ****
Info: Internal Builder is used for build
gcc -O0 -g3 -Wall -c -fmessage-length=0 -o "src\\calculos.o" "..\\src\\calculos.c" 
gcc -O0 -g3 -Wall -c -fmessage-length=0 -o "src\\TP_1.o" "..\\src\\TP_1.c" 
..\src\TP_1.c: In function 'main':
..\src\TP_1.c:102:12: warning: too many arguments for format [-Wformat-extra-args]
     printf("\nEl recargo de precio latam es: %.2f", creditoLatam, interes);
            ^~~~~~~~~~~~~~~~~~~~~~~~~~~~~~~~~~~~~~~
..\src\TP_1.c:36:8: warning: variable 'creditoAerolineas' set but not used [-Wunused-but-set-variable]
  float creditoAerolineas;
        ^~~~~~~~~~~~~~~~~
gcc -o TP_1.exe "src\\TP_1.o" "src\\calculos.o" "src\\validaciones.o" 
21:55:13 **** Incremental Build of configuration Debug for project TP_1 ****
Info: Internal Builder is used for build
gcc -O0 -g3 -Wall -c -fmessage-length=0 -o "src\\TP_1.o" "..\\src\\TP_1.c" 
..\src\TP_1.c: In function 'main':
..\src\TP_1.c:104:12: warning: unknown escape sequence: '\N'
     printf("\NEl recargo de precio de aerolineas es: %.2f", creditoAerolineas);
            ^~~~~~~~~~~~~~~~~~~~~~~~~~~~~~~~~~~~~~~~~~~~~~~
gcc -o TP_1.exe "src\\TP_1.o" "src\\calculos.o" "src\\validaciones.o" 
21:55:23 **** Incremental Build of configuration Debug for project TP_1 ****
Info: Internal Builder is used for build
gcc -O0 -g3 -Wall -c -fmessage-length=0 -o "src\\TP_1.o" "..\\src\\TP_1.c" 
gcc -o TP_1.exe "src\\TP_1.o" "src\\calculos.o" "src\\validaciones.o" 
Info: Nothing to build for TP_1
22:19:27 **** Incremental Build of configuration Debug for project TP_1 ****
Info: Internal Builder is used for build
gcc -O0 -g3 -Wall -c -fmessage-length=0 -o "src\\TP_1.o" "..\\src\\TP_1.c" 
..\src\TP_1.c: In function 'main':
..\src\TP_1.c:108:49: error: 'bitcoin' undeclared (first use in this function)
     bitcoinLatam =  CalculoBitcoin(precioLatam, bitcoin);
                                                 ^~~~~~~
..\src\TP_1.c:108:49: note: each undeclared identifier is reported only once for each function it appears in
..\src\TP_1.c:111:5: warning: implicit declaration of function 'pritf' [-Wimplicit-function-declaration]
     pritf("\nPrecio final pagando con bitcoin es: %.2f", bitcoinAerolineas);
     ^~~~~
..\src\TP_1.c:26:8: warning: unused variable 'bitcoinPrecio' [-Wunused-variable]
  float bitcoinPrecio = 4770233.18;
        ^~~~~~~~~~~~~
22:20:19 **** Incremental Build of configuration Debug for project TP_1 ****
Info: Internal Builder is used for build
gcc -O0 -g3 -Wall -c -fmessage-length=0 -o "src\\TP_1.o" "..\\src\\TP_1.c" 
..\src\TP_1.c: In function 'main':
..\src\TP_1.c:111:5: warning: implicit declaration of function 'pritf' [-Wimplicit-function-declaration]
     pritf("\nPrecio final pagando con bitcoin es: %.2f", bitcoinAerolineas);
     ^~~~~
gcc -O0 -g3 -Wall -c -fmessage-length=0 -o "src\\calculos.o" "..\\src\\calculos.c" 
gcc -o TP_1.exe "src\\TP_1.o" "src\\calculos.o" "src\\validaciones.o" 
src\TP_1.o: In function `main':
C:\Users\BETO\eclipse-workspace\TPs\TP_1\Debug/../src/TP_1.c:111: undefined reference to `pritf'
collect2.exe: error: ld returned 1 exit status
22:20:32 **** Incremental Build of configuration Debug for project TP_1 ****
Info: Internal Builder is used for build
gcc -O0 -g3 -Wall -c -fmessage-length=0 -o "src\\TP_1.o" "..\\src\\TP_1.c" 
gcc -o TP_1.exe "src\\TP_1.o" "src\\calculos.o" "src\\validaciones.o" 
Info: Nothing to build for TP_1
22:21:59 **** Incremental Build of configuration Debug for project TP_1 ****
Info: Internal Builder is used for build
gcc -O0 -g3 -Wall -c -fmessage-length=0 -o "src\\TP_1.o" "..\\src\\TP_1.c" 
gcc -o TP_1.exe "src\\TP_1.o" "src\\calculos.o" "src\\validaciones.o" 
Info: Nothing to build for TP_1
22:33:10 **** Incremental Build of configuration Debug for project TP_1 ****
Info: Internal Builder is used for build
gcc -O0 -g3 -Wall -c -fmessage-length=0 -o "src\\TP_1.o" "..\\src\\TP_1.c" 
gcc -O0 -g3 -Wall -c -fmessage-length=0 -o "src\\calculos.o" "..\\src\\calculos.c" 
gcc -o TP_1.exe "src\\TP_1.o" "src\\calculos.o" "src\\validaciones.o" 
Info: Nothing to build for TP_1
22:34:21 **** Incremental Build of configuration Debug for project TP_1 ****
Info: Internal Builder is used for build
gcc -O0 -g3 -Wall -c -fmessage-length=0 -o "src\\calculos.o" "..\\src\\calculos.c" 
..\src\calculos.c: In function 'CalculoPreUnit':
..\src\calculos.c:35:27: error: 'precioFinal' undeclared (first use in this function)
  precioUnitario = (float) precioFinal / kilometros;
                           ^~~~~~~~~~~
..\src\calculos.c:35:27: note: each undeclared identifier is reported only once for each function it appears in
22:34:35 **** Incremental Build of configuration Debug for project TP_1 ****
Info: Internal Builder is used for build
gcc -O0 -g3 -Wall -c -fmessage-length=0 -o "src\\TP_1.o" "..\\src\\TP_1.c" 
gcc -O0 -g3 -Wall -c -fmessage-length=0 -o "src\\calculos.o" "..\\src\\calculos.c" 
gcc -o TP_1.exe "src\\TP_1.o" "src\\calculos.o" "src\\validaciones.o" 
Info: Nothing to build for TP_1
Info: Nothing to build for TP_1
22:37:12 **** Incremental Build of configuration Debug for project TP_1 ****
Info: Internal Builder is used for build
gcc -O0 -g3 -Wall -c -fmessage-length=0 -o "src\\TP_1.o" "..\\src\\TP_1.c" 
gcc -o TP_1.exe "src\\TP_1.o" "src\\calculos.o" "src\\validaciones.o" 
Info: Nothing to build for TP_1
22:37:56 **** Incremental Build of configuration Debug for project TP_1 ****
Info: Internal Builder is used for build
gcc -O0 -g3 -Wall -c -fmessage-length=0 -o "src\\TP_1.o" "..\\src\\TP_1.c" 
gcc -o TP_1.exe "src\\TP_1.o" "src\\calculos.o" "src\\validaciones.o" 
Info: Nothing to build for TP_1
Info: Nothing to build for TP_1
Info: Nothing to build for TP_1
09:55:21 **** Incremental Build of configuration Debug for project TP_1 ****
Info: Internal Builder is used for build
gcc -O0 -g3 -Wall -c -fmessage-length=0 -o "src\\TP_1.o" "..\\src\\TP_1.c" 
gcc -o TP_1.exe "src\\TP_1.o" "src\\calculos.o" "src\\validaciones.o" 
Info: Nothing to build for TP_1
10:08:26 **** Incremental Build of configuration Debug for project TP_1 ****
Info: Internal Builder is used for build
gcc -O0 -g3 -Wall -c -fmessage-length=0 -o "src\\calculos.o" "..\\src\\calculos.c" 
gcc -O0 -g3 -Wall -c -fmessage-length=0 -o "src\\TP_1.o" "..\\src\\TP_1.c" 
gcc -o TP_1.exe "src\\TP_1.o" "src\\calculos.o" "src\\validaciones.o" 
Info: Nothing to build for TP_1
12:15:55 **** Incremental Build of configuration Debug for project TP_1 ****
Info: Internal Builder is used for build
gcc -O0 -g3 -Wall -c -fmessage-length=0 -o "src\\TP_1.o" "..\\src\\TP_1.c" 
..\src\TP_1.c: In function 'main':
..\src\TP_1.c:79:23: warning: implicit declaration of function 'PrecioUnitario' [-Wimplicit-function-declaration]
     precioUnitLatam = PrecioUnitario(precioUnitLatam, kilometros);
                       ^~~~~~~~~~~~~~
..\src\TP_1.c:85:28: warning: implicit declaration of function 'precioUnitario' [-Wimplicit-function-declaration]
     precioUnitAerolineas = precioUnitario(precioUnitAerolineas, kilometros);
                            ^~~~~~~~~~~~~~
..\src\TP_1.c:117:5: error: 'precioUnitarioA' undeclared (first use in this function)
     precioUnitarioA = CalculoPreUnit(precioAerolineas, kilometros);
     ^~~~~~~~~~~~~~~
..\src\TP_1.c:117:5: note: each undeclared identifier is reported only once for each function it appears in
..\src\TP_1.c:119:5: error: 'precioUnitarioL' undeclared (first use in this function)
     precioUnitarioL = CalculoPreUnit(precioLatam, kilometros);
     ^~~~~~~~~~~~~~~
12:17:08 **** Incremental Build of configuration Debug for project TP_1 ****
Info: Internal Builder is used for build
gcc -O0 -g3 -Wall -c -fmessage-length=0 -o "src\\TP_1.o" "..\\src\\TP_1.c" 
..\src\TP_1.c: In function 'main':
..\src\TP_1.c:79:23: warning: implicit declaration of function 'PrecioUnitario' [-Wimplicit-function-declaration]
     precioUnitLatam = PrecioUnitario(precioUnitLatam, kilometros);
                       ^~~~~~~~~~~~~~
..\src\TP_1.c:85:28: warning: implicit declaration of function 'precioUnitario' [-Wimplicit-function-declaration]
     precioUnitAerolineas = precioUnitario(precioUnitAerolineas, kilometros);
                            ^~~~~~~~~~~~~~
gcc -o TP_1.exe "src\\TP_1.o" "src\\calculos.o" "src\\validaciones.o" 
src\TP_1.o: In function `main':
C:\Users\BETO\eclipse-workspace\TPs\TP_1\Debug/../src/TP_1.c:79: undefined reference to `PrecioUnitario'
C:\Users\BETO\eclipse-workspace\TPs\TP_1\Debug/../src/TP_1.c:85: undefined reference to `precioUnitario'
collect2.exe: error: ld returned 1 exit status
12:17:45 **** Incremental Build of configuration Debug for project TP_1 ****
Info: Internal Builder is used for build
gcc -o TP_1.exe "src\\TP_1.o" "src\\calculos.o" "src\\validaciones.o" 
src\TP_1.o: In function `main':
C:\Users\BETO\eclipse-workspace\TPs\TP_1\Debug/../src/TP_1.c:79: undefined reference to `PrecioUnitario'
C:\Users\BETO\eclipse-workspace\TPs\TP_1\Debug/../src/TP_1.c:85: undefined reference to `precioUnitario'
collect2.exe: error: ld returned 1 exit status
12:18:42 **** Incremental Build of configuration Debug for project TP_1 ****
Info: Internal Builder is used for build
gcc -O0 -g3 -Wall -c -fmessage-length=0 -o "src\\TP_1.o" "..\\src\\TP_1.c" 
gcc -o TP_1.exe "src\\TP_1.o" "src\\calculos.o" "src\\validaciones.o" 
Info: Nothing to build for TP_1
14:20:09 **** Incremental Build of configuration Debug for project TP_1 ****
Info: Internal Builder is used for build
gcc -O0 -g3 -Wall -c -fmessage-length=0 -o "src\\TP_1.o" "..\\src\\TP_1.c" 
..\src\TP_1.c: In function 'main':
..\src\TP_1.c:92:5: warning: implicit declaration of function 'print' [-Wimplicit-function-declaration]
     print("\n"
     ^~~~~
cc1.exe: warning: unknown escape sequence: '\D'
gcc -o TP_1.exe "src\\TP_1.o" "src\\calculos.o" "src\\validaciones.o" 
src\TP_1.o: In function `main':
C:\Users\BETO\eclipse-workspace\TPs\TP_1\Debug/../src/TP_1.c:92: undefined reference to `print'
collect2.exe: error: ld returned 1 exit status
14:20:23 **** Incremental Build of configuration Debug for project TP_1 ****
Info: Internal Builder is used for build
gcc -O0 -g3 -Wall -c -fmessage-length=0 -o "src\\TP_1.o" "..\\src\\TP_1.c" 
..\src\TP_1.c: In function 'main':
cc1.exe: warning: unknown escape sequence: '\D'
..\src\TP_1.c:92:12: warning: format '%d' expects a matching 'int' argument [-Wformat=]
     printf("\n"
            ^~~~
..\src\TP_1.c:92:12: warning: format '%f' expects a matching 'double' argument [-Wformat=]
..\src\TP_1.c:92:12: warning: format '%f' expects a matching 'double' argument [-Wformat=]
..\src\TP_1.c:92:12: warning: format '%f' expects a matching 'double' argument [-Wformat=]
..\src\TP_1.c:92:12: warning: format '%f' expects a matching 'double' argument [-Wformat=]
..\src\TP_1.c:92:12: warning: format '%f' expects a matching 'double' argument [-Wformat=]
..\src\TP_1.c:92:12: warning: format '%f' expects a matching 'double' argument [-Wformat=]
..\src\TP_1.c:92:12: warning: format '%f' expects a matching 'double' argument [-Wformat=]
..\src\TP_1.c:92:12: warning: format '%f' expects a matching 'double' argument [-Wformat=]
..\src\TP_1.c:92:12: warning: format '%f' expects a matching 'double' argument [-Wformat=]
gcc -o TP_1.exe "src\\TP_1.o" "src\\calculos.o" "src\\validaciones.o" 
14:22:13 **** Incremental Build of configuration Debug for project TP_1 ****
Info: Internal Builder is used for build
gcc -O0 -g3 -Wall -c -fmessage-length=0 -o "src\\TP_1.o" "..\\src\\TP_1.c" 
..\src\TP_1.c: In function 'main':
cc1.exe: warning: unknown escape sequence: '\D'
..\src\TP_1.c:92:33: warning: format '%d' expects a matching 'int' argument [-Wformat=]
     printf( "\nKMs ingresados: %d"
                                 ^
..\src\TP_1.c:92:13: warning: format '%f' expects a matching 'double' argument [-Wformat=]
     printf( "\nKMs ingresados: %d"
             ^~~~~~~~~~~~~~~~~~~~~~
..\src\TP_1.c:92:13: warning: format '%f' expects a matching 'double' argument [-Wformat=]
..\src\TP_1.c:92:13: warning: format '%f' expects a matching 'double' argument [-Wformat=]
..\src\TP_1.c:92:13: warning: format '%f' expects a matching 'double' argument [-Wformat=]
..\src\TP_1.c:92:13: warning: format '%f' expects a matching 'double' argument [-Wformat=]
..\src\TP_1.c:92:13: warning: format '%f' expects a matching 'double' argument [-Wformat=]
..\src\TP_1.c:92:13: warning: format '%f' expects a matching 'double' argument [-Wformat=]
..\src\TP_1.c:92:13: warning: format '%f' expects a matching 'double' argument [-Wformat=]
..\src\TP_1.c:92:13: warning: format '%f' expects a matching 'double' argument [-Wformat=]
gcc -o TP_1.exe "src\\TP_1.o" "src\\calculos.o" "src\\validaciones.o" 
14:25:29 **** Incremental Build of configuration Debug for project TP_1 ****
Info: Internal Builder is used for build
gcc -O0 -g3 -Wall -c -fmessage-length=0 -o "src\\TP_1.o" "..\\src\\TP_1.c" 
..\src\TP_1.c: In function 'main':
..\src\TP_1.c:107:7: warning: unknown escape sequence: '\D'
       "\n---> %.2f",kilometros, precioLatam, debitoLatam, creditoLatam, bitcoinLatam, precioUnitLatam, precioAerolineas, debitoAerolineas, creditoAerolineas, bitcoinAerolineas, precioUnitAerolineas, difPrecios,
       ^~~~~~~~~~~~~
..\src\TP_1.c:108:7: error: expected expression before ')' token
       );
       ^
14:25:51 **** Incremental Build of configuration Debug for project TP_1 ****
Info: Internal Builder is used for build
gcc -O0 -g3 -Wall -c -fmessage-length=0 -o "src\\TP_1.o" "..\\src\\TP_1.c" 
..\src\TP_1.c: In function 'main':
..\src\TP_1.c:107:7: warning: unknown escape sequence: '\D'
       "\n---> %.2f",kilometros, precioLatam, debitoLatam, creditoLatam, bitcoinLatam, precioUnitLatam, precioAerolineas, debitoAerolineas, creditoAerolineas, bitcoinAerolineas, precioUnitAerolineas, difPrecios,);
       ^~~~~~~~~~~~~
..\src\TP_1.c:107:211: error: expected expression before ')' token
       "\n---> %.2f",kilometros, precioLatam, debitoLatam, creditoLatam, bitcoinLatam, precioUnitLatam, precioAerolineas, debitoAerolineas, creditoAerolineas, bitcoinAerolineas, precioUnitAerolineas, difPrecios,);
                                                                                                                                                                                                                   ^
14:26:50 **** Incremental Build of configuration Debug for project TP_1 ****
Info: Internal Builder is used for build
gcc -O0 -g3 -Wall -c -fmessage-length=0 -o "src\\TP_1.o" "..\\src\\TP_1.c" 
..\src\TP_1.c: In function 'main':
..\src\TP_1.c:107:7: warning: unknown escape sequence: '\D'
       "\n---> %.2f",kilometros, precioLatam, debitoLatam, creditoLatam, bitcoinLatam, precioUnitLatam, precioAerolineas, debitoAerolineas, creditoAerolineas, bitcoinAerolineas, precioUnitAerolineas, difPrecios,);
       ^~~~~~~~~~~~~
..\src\TP_1.c:107:211: error: expected expression before ')' token
       "\n---> %.2f",kilometros, precioLatam, debitoLatam, creditoLatam, bitcoinLatam, precioUnitLatam, precioAerolineas, debitoAerolineas, creditoAerolineas, bitcoinAerolineas, precioUnitAerolineas, difPrecios,);
                                                                                                                                                                                                                   ^
14:27:19 **** Incremental Build of configuration Debug for project TP_1 ****
Info: Internal Builder is used for build
gcc -O0 -g3 -Wall -c -fmessage-length=0 -o "src\\TP_1.o" "..\\src\\TP_1.c" 
..\src\TP_1.c: In function 'main':
cc1.exe: warning: unknown escape sequence: '\D'
..\src\TP_1.c:107:198: error: expected expression before ')' token
       ,kilometros, precioLatam, debitoLatam, creditoLatam, bitcoinLatam, precioUnitLatam, precioAerolineas, debitoAerolineas, creditoAerolineas, bitcoinAerolineas, precioUnitAerolineas, difPrecios,);
                                                                                                                                                                                                      ^
14:27:41 **** Incremental Build of configuration Debug for project TP_1 ****
Info: Internal Builder is used for build
gcc -O0 -g3 -Wall -c -fmessage-length=0 -o "src\\TP_1.o" "..\\src\\TP_1.c" 
..\src\TP_1.c: In function 'main':
..\src\TP_1.c:106:7: warning: unknown escape sequence: '\D'
       "\Diferencia de precios ingresada (Latam-Aerolineas): %.2f", kilometros, precioLatam, debitoLatam, creditoLatam, bitcoinLatam, precioUnitLatam, precioAerolineas, debitoAerolineas, creditoAerolineas, bitcoinAerolineas, precioUnitAerolineas, difPrecios,);
       ^~~~~~~~~~~~~~~~~~~~~~~~~~~~~~~~~~~~~~~~~~~~~~~~~~~~~~~~~~~
..\src\TP_1.c:106:258: error: expected expression before ')' token
       "\Diferencia de precios ingresada (Latam-Aerolineas): %.2f", kilometros, precioLatam, debitoLatam, creditoLatam, bitcoinLatam, precioUnitLatam, precioAerolineas, debitoAerolineas, creditoAerolineas, bitcoinAerolineas, precioUnitAerolineas, difPrecios,);
                                                                                                                                                                                                                                                                  ^
14:28:03 **** Incremental Build of configuration Debug for project TP_1 ****
Info: Internal Builder is used for build
gcc -O0 -g3 -Wall -c -fmessage-length=0 -o "src\\TP_1.o" "..\\src\\TP_1.c" 
..\src\TP_1.c: In function 'main':
..\src\TP_1.c:106:7: warning: unknown escape sequence: '\D'
       "\Diferencia de precios ingresada (Latam-Aerolineas): %.2f", kilometros, precioLatam, debitoLatam, creditoLatam, bitcoinLatam, precioUnitLatam, precioAerolineas, debitoAerolineas, creditoAerolineas, bitcoinAerolineas, precioUnitAerolineas, difPrecios);
       ^~~~~~~~~~~~~~~~~~~~~~~~~~~~~~~~~~~~~~~~~~~~~~~~~~~~~~~~~~~
gcc -o TP_1.exe "src\\TP_1.o" "src\\calculos.o" "src\\validaciones.o" 
14:28:22 **** Incremental Build of configuration Debug for project TP_1 ****
Info: Internal Builder is used for build
gcc -O0 -g3 -Wall -c -fmessage-length=0 -o "src\\TP_1.o" "..\\src\\TP_1.c" 
..\src\TP_1.c: In function 'main':
..\src\TP_1.c:106:7: warning: unknown escape sequence: '\D'
       "\Diferencia de precios ingresada (Latam-Aerolineas): %.2f",
       ^~~~~~~~~~~~~~~~~~~~~~~~~~~~~~~~~~~~~~~~~~~~~~~~~~~~~~~~~~~
gcc -o TP_1.exe "src\\TP_1.o" "src\\calculos.o" "src\\validaciones.o" 
14:28:57 **** Incremental Build of configuration Debug for project TP_1 ****
Info: Internal Builder is used for build
gcc -O0 -g3 -Wall -c -fmessage-length=0 -o "src\\TP_1.o" "..\\src\\TP_1.c" 
..\src\TP_1.c: In function 'main':
..\src\TP_1.c:107:7: warning: unknown escape sequence: '\D'
       "\n---> %.2f", kilometros, precioLatam, debitoLatam, creditoLatam, bitcoinLatam, precioUnitLatam, precioAerolineas, debitoAerolineas, creditoAerolineas, bitcoinAerolineas, precioUnitAerolineas, difPrecios);
       ^~~~~~~~~~~~~
gcc -o TP_1.exe "src\\TP_1.o" "src\\calculos.o" "src\\validaciones.o" 
14:29:29 **** Incremental Build of configuration Debug for project TP_1 ****
Info: Internal Builder is used for build
gcc -O0 -g3 -Wall -c -fmessage-length=0 -o "src\\TP_1.o" "..\\src\\TP_1.c" 
..\src\TP_1.c: In function 'main':
..\src\TP_1.c:107:7: warning: unknown escape sequence: '\D'
       "\n", kilometros, precioLatam, debitoLatam, creditoLatam, bitcoinLatam, precioUnitLatam, precioAerolineas, debitoAerolineas, creditoAerolineas, bitcoinAerolineas, precioUnitAerolineas, difPrecios);
       ^~~~
gcc -o TP_1.exe "src\\TP_1.o" "src\\calculos.o" "src\\validaciones.o" 
14:29:37 **** Incremental Build of configuration Debug for project TP_1 ****
Info: Internal Builder is used for build
gcc -O0 -g3 -Wall -c -fmessage-length=0 -o "src\\TP_1.o" "..\\src\\TP_1.c" 
..\src\TP_1.c: In function 'main':
..\src\TP_1.c:107:7: warning: unknown escape sequence: '\D'
       "\n ", kilometros, precioLatam, debitoLatam, creditoLatam, bitcoinLatam, precioUnitLatam, precioAerolineas, debitoAerolineas, creditoAerolineas, bitcoinAerolineas, precioUnitAerolineas, difPrecios);
       ^~~~~
gcc -o TP_1.exe "src\\TP_1.o" "src\\calculos.o" "src\\validaciones.o" 
14:30:06 **** Incremental Build of configuration Debug for project TP_1 ****
Info: Internal Builder is used for build
gcc -O0 -g3 -Wall -c -fmessage-length=0 -o "src\\TP_1.o" "..\\src\\TP_1.c" 
gcc -o TP_1.exe "src\\TP_1.o" "src\\calculos.o" "src\\validaciones.o" 
Info: Nothing to build for TP_1
Info: Nothing to build for TP_1
Info: Nothing to build for TP_1
14:32:01 **** Incremental Build of configuration Debug for project TP_1 ****
Info: Internal Builder is used for build
gcc -O0 -g3 -Wall -c -fmessage-length=0 -o "src\\TP_1.o" "..\\src\\TP_1.c" 
gcc -o TP_1.exe "src\\TP_1.o" "src\\calculos.o" "src\\validaciones.o" 
Info: Nothing to build for TP_1
Info: Nothing to build for TP_1
Info: Nothing to build for TP_1
Info: Nothing to build for TP_1
Info: Nothing to build for TP_1
Info: Nothing to build for TP_1
14:37:59 **** Incremental Build of configuration Debug for project TP_1 ****
Info: Internal Builder is used for build
gcc -O0 -g3 -Wall -c -fmessage-length=0 -o "src\\TP_1.o" "..\\src\\TP_1.c" 
gcc -o TP_1.exe "src\\TP_1.o" "src\\calculos.o" "src\\validaciones.o" 
Info: Nothing to build for TP_1
14:41:40 **** Incremental Build of configuration Debug for project TP_1 ****
Info: Internal Builder is used for build
gcc -O0 -g3 -Wall -c -fmessage-length=0 -o "src\\TP_1.o" "..\\src\\TP_1.c" 
gcc -o TP_1.exe "src\\TP_1.o" "src\\calculos.o" "src\\validaciones.o" 
Info: Nothing to build for TP_1
Info: Nothing to build for TP_1
Info: Nothing to build for TP_1
Info: Nothing to build for TP_1
Info: Nothing to build for TP_1
Info: Nothing to build for TP_1
Info: Nothing to build for TP_1
14:52:36 **** Incremental Build of configuration Debug for project TP_1 ****
Info: Internal Builder is used for build
gcc -O0 -g3 -Wall -c -fmessage-length=0 -o "src\\TP_1.o" "..\\src\\TP_1.c" 
gcc -o TP_1.exe "src\\TP_1.o" "src\\calculos.o" "src\\validaciones.o" 
Info: Nothing to build for TP_1
14:55:22 **** Incremental Build of configuration Debug for project TP_1 ****
Info: Internal Builder is used for build
gcc -O0 -g3 -Wall -c -fmessage-length=0 -o "src\\TP_1.o" "..\\src\\TP_1.c" 
gcc -o TP_1.exe "src\\TP_1.o" "src\\calculos.o" "src\\validaciones.o" 
Info: Nothing to build for TP_1
14:56:07 **** Incremental Build of configuration Debug for project TP_1 ****
Info: Internal Builder is used for build
gcc -O0 -g3 -Wall -c -fmessage-length=0 -o "src\\TP_1.o" "..\\src\\TP_1.c" 
gcc -o TP_1.exe "src\\TP_1.o" "src\\calculos.o" "src\\validaciones.o" 
Info: Nothing to build for TP_1
Info: Nothing to build for TP_1
Info: Nothing to build for TP_1
Info: Nothing to build for TP_1
14:57:24 **** Incremental Build of configuration Debug for project TP_1 ****
Info: Internal Builder is used for build
gcc -O0 -g3 -Wall -c -fmessage-length=0 -o "src\\TP_1.o" "..\\src\\TP_1.c" 
gcc -o TP_1.exe "src\\TP_1.o" "src\\calculos.o" "src\\validaciones.o" 
Info: Nothing to build for TP_1
14:58:59 **** Incremental Build of configuration Debug for project TP_1 ****
Info: Internal Builder is used for build
gcc -O0 -g3 -Wall -c -fmessage-length=0 -o "src\\TP_1.o" "..\\src\\TP_1.c" 
gcc -o TP_1.exe "src\\TP_1.o" "src\\calculos.o" "src\\validaciones.o" 
Info: Nothing to build for TP_1
15:01:50 **** Incremental Build of configuration Debug for project TP_1 ****
Info: Internal Builder is used for build
gcc -O0 -g3 -Wall -c -fmessage-length=0 -o "src\\validaciones.o" "..\\src\\validaciones.c" 
gcc -o TP_1.exe "src\\TP_1.o" "src\\calculos.o" "src\\validaciones.o" 
Info: Nothing to build for TP_1
15:02:38 **** Incremental Build of configuration Debug for project TP_1 ****
Info: Internal Builder is used for build
gcc -O0 -g3 -Wall -c -fmessage-length=0 -o "src\\TP_1.o" "..\\src\\TP_1.c" 
gcc -o TP_1.exe "src\\TP_1.o" "src\\calculos.o" "src\\validaciones.o" 
Info: Nothing to build for TP_1
15:04:37 **** Incremental Build of configuration Debug for project TP_1 ****
Info: Internal Builder is used for build
gcc -O0 -g3 -Wall -c -fmessage-length=0 -o "src\\validaciones.o" "..\\src\\validaciones.c" 
gcc -o TP_1.exe "src\\TP_1.o" "src\\calculos.o" "src\\validaciones.o" 
Info: Nothing to build for TP_1
Info: Nothing to build for TP_1
Info: Nothing to build for TP_1
Info: Nothing to build for TP_1
15:07:46 **** Incremental Build of configuration Debug for project TP_1 ****
Info: Internal Builder is used for build
gcc -O0 -g3 -Wall -c -fmessage-length=0 -o "src\\TP_1.o" "..\\src\\TP_1.c" 
..\src\TP_1.c: In function 'main':
..\src\TP_1.c:62:5: error: 'kilometrosIng' undeclared (first use in this function)
     kilometrosIng = valKilometros(kilometros);
     ^~~~~~~~~~~~~
..\src\TP_1.c:62:5: note: each undeclared identifier is reported only once for each function it appears in
15:08:27 **** Incremental Build of configuration Debug for project TP_1 ****
Info: Internal Builder is used for build
gcc -O0 -g3 -Wall -c -fmessage-length=0 -o "src\\TP_1.o" "..\\src\\TP_1.c" 
gcc -o TP_1.exe "src\\TP_1.o" "src\\calculos.o" "src\\validaciones.o" 
Info: Nothing to build for TP_1
15:14:01 **** Incremental Build of configuration Debug for project TP_1 ****
Info: Internal Builder is used for build
gcc -O0 -g3 -Wall -c -fmessage-length=0 -o "src\\validaciones.o" "..\\src\\validaciones.c" 
gcc -o TP_1.exe "src\\TP_1.o" "src\\calculos.o" "src\\validaciones.o" 
Info: Nothing to build for TP_1
Info: Nothing to build for TP_1
Info: Nothing to build for TP_1
Info: Nothing to build for TP_1
15:15:52 **** Incremental Build of configuration Debug for project TP_1 ****
Info: Internal Builder is used for build
gcc -O0 -g3 -Wall -c -fmessage-length=0 -o "src\\validaciones.o" "..\\src\\validaciones.c" 
..\src\validaciones.c: In function 'valKilometros':
..\src\validaciones.c:16:3: error: expected '=', ',', ';', 'asm' or '__attribute__' before 'if'
   if(kilometros <= 0){
   ^~
15:16:03 **** Incremental Build of configuration Debug for project TP_1 ****
Info: Internal Builder is used for build
gcc -O0 -g3 -Wall -c -fmessage-length=0 -o "src\\validaciones.o" "..\\src\\validaciones.c" 
..\src\validaciones.c: In function 'valKilometros':
..\src\validaciones.c:15:7: error: 'kilometros' redeclared as different kind of symbol
   int kilometros;
       ^~~~~~~~~~
..\src\validaciones.c:13:23: note: previous definition of 'kilometros' was here
 int valKilometros(int kilometros)
                       ^~~~~~~~~~
15:16:06 **** Incremental Build of configuration Debug for project TP_1 ****
Info: Internal Builder is used for build
gcc -O0 -g3 -Wall -c -fmessage-length=0 -o "src\\validaciones.o" "..\\src\\validaciones.c" 
..\src\validaciones.c: In function 'valKilometros':
..\src\validaciones.c:15:7: error: 'kilometros' redeclared as different kind of symbol
   int kilometros;
       ^~~~~~~~~~
..\src\validaciones.c:13:23: note: previous definition of 'kilometros' was here
 int valKilometros(int kilometros)
                       ^~~~~~~~~~
15:17:01 **** Incremental Build of configuration Debug for project TP_1 ****
Info: Internal Builder is used for build
gcc -O0 -g3 -Wall -c -fmessage-length=0 -o "src\\validaciones.o" "..\\src\\validaciones.c" 
gcc -o TP_1.exe "src\\TP_1.o" "src\\calculos.o" "src\\validaciones.o" 
Info: Nothing to build for TP_1
15:20:48 **** Incremental Build of configuration Debug for project TP_1 ****
Info: Internal Builder is used for build
gcc -O0 -g3 -Wall -c -fmessage-length=0 -o "src\\TP_1.o" "..\\src\\TP_1.c" 
gcc -o TP_1.exe "src\\TP_1.o" "src\\calculos.o" "src\\validaciones.o" 
Info: Nothing to build for TP_1
15:22:36 **** Incremental Build of configuration Debug for project TP_1 ****
Info: Internal Builder is used for build
gcc -O0 -g3 -Wall -c -fmessage-length=0 -o "src\\TP_1.o" "..\\src\\TP_1.c" 
gcc -o TP_1.exe "src\\TP_1.o" "src\\calculos.o" "src\\validaciones.o" 
Info: Nothing to build for TP_1
15:23:19 **** Incremental Build of configuration Debug for project TP_1 ****
Info: Internal Builder is used for build
gcc -O0 -g3 -Wall -c -fmessage-length=0 -o "src\\validaciones.o" "..\\src\\validaciones.c" 
gcc -o TP_1.exe "src\\TP_1.o" "src\\calculos.o" "src\\validaciones.o" 
Info: Nothing to build for TP_1
15:23:35 **** Incremental Build of configuration Debug for project TP_1 ****
Info: Internal Builder is used for build
gcc -O0 -g3 -Wall -c -fmessage-length=0 -o "src\\validaciones.o" "..\\src\\validaciones.c" 
gcc -o TP_1.exe "src\\TP_1.o" "src\\calculos.o" "src\\validaciones.o" 
Info: Nothing to build for TP_1
15:27:44 **** Incremental Build of configuration Debug for project TP_1 ****
Info: Internal Builder is used for build
gcc -O0 -g3 -Wall -c -fmessage-length=0 -o "src\\validaciones.o" "..\\src\\validaciones.c" 
gcc -O0 -g3 -Wall -c -fmessage-length=0 -o "src\\TP_1.o" "..\\src\\TP_1.c" 
gcc -o TP_1.exe "src\\TP_1.o" "src\\calculos.o" "src\\validaciones.o" 
Info: Nothing to build for TP_1
Info: Nothing to build for TP_1
Info: Nothing to build for TP_1
Info: Nothing to build for TP_1
Info: Nothing to build for TP_1
17:39:47 **** Incremental Build of configuration Debug for project TP_1 ****
Info: Internal Builder is used for build
gcc -O0 -g3 -Wall -c -fmessage-length=0 -o "src\\TP_1.o" "..\\src\\TP_1.c" 
gcc -o TP_1.exe "src\\TP_1.o" "src\\calculos.o" "src\\validaciones.o" 
Info: Nothing to build for TP_1
17:46:29 **** Incremental Build of configuration Debug for project TP_1 ****
Info: Internal Builder is used for build
gcc -O0 -g3 -Wall -c -fmessage-length=0 -o "src\\TP_1.o" "..\\src\\TP_1.c" 
gcc -O0 -g3 -Wall -c -fmessage-length=0 -o "src\\calculos.o" "..\\src\\calculos.c" 
gcc -O0 -g3 -Wall -c -fmessage-length=0 -o "src\\validaciones.o" "..\\src\\validaciones.c" 
gcc -o TP_1.exe "src\\TP_1.o" "src\\calculos.o" "src\\validaciones.o" 
Info: Nothing to build for TP_1
Info: Nothing to build for TP_1
Info: Nothing to build for TP_1
17:50:06 **** Incremental Build of configuration Debug for project TP_1 ****
Info: Internal Builder is used for build
gcc -O0 -g3 -Wall -c -fmessage-length=0 -o "src\\TP_1.o" "..\\src\\TP_1.c" 
gcc -o TP_1.exe "src\\TP_1.o" "src\\calculos.o" "src\\validaciones.o" 
Info: Nothing to build for TP_1
17:51:01 **** Incremental Build of configuration Debug for project TP_1 ****
Info: Internal Builder is used for build
gcc -O0 -g3 -Wall -c -fmessage-length=0 -o "src\\TP_1.o" "..\\src\\TP_1.c" 
gcc -o TP_1.exe "src\\TP_1.o" "src\\calculos.o" "src\\validaciones.o" 
Info: Nothing to build for TP_1
17:51:28 **** Incremental Build of configuration Debug for project TP_1 ****
Info: Internal Builder is used for build
gcc -O0 -g3 -Wall -c -fmessage-length=0 -o "src\\TP_1.o" "..\\src\\TP_1.c" 
gcc -o TP_1.exe "src\\TP_1.o" "src\\calculos.o" "src\\validaciones.o" 
Info: Nothing to build for TP_1
17:51:53 **** Incremental Build of configuration Debug for project TP_1 ****
Info: Internal Builder is used for build
gcc -O0 -g3 -Wall -c -fmessage-length=0 -o "src\\TP_1.o" "..\\src\\TP_1.c" 
gcc -o TP_1.exe "src\\TP_1.o" "src\\calculos.o" "src\\validaciones.o" 
Info: Nothing to build for TP_1
17:52:06 **** Incremental Build of configuration Debug for project TP_1 ****
Info: Internal Builder is used for build
gcc -O0 -g3 -Wall -c -fmessage-length=0 -o "src\\TP_1.o" "..\\src\\TP_1.c" 
gcc -o TP_1.exe "src\\TP_1.o" "src\\calculos.o" "src\\validaciones.o" 
Info: Nothing to build for TP_1
17:53:18 **** Incremental Build of configuration Debug for project TP_1 ****
Info: Internal Builder is used for build
gcc -O0 -g3 -Wall -c -fmessage-length=0 -o "src\\TP_1.o" "..\\src\\TP_1.c" 
gcc -o TP_1.exe "src\\TP_1.o" "src\\calculos.o" "src\\validaciones.o" 
Info: Nothing to build for TP_1
Info: Nothing to build for TP_1
Info: Nothing to build for TP_1
18:09:45 **** Incremental Build of configuration Debug for project TP_1 ****
Info: Internal Builder is used for build
gcc -O0 -g3 -Wall -c -fmessage-length=0 -o "src\\TP_1.o" "..\\src\\TP_1.c" 
..\src\TP_1.c: In function 'main':
..\src\TP_1.c:126:5: error: a label can only be part of a statement and a declaration is not a statement
     int kilometros = 7090;
     ^~~
..\src\TP_1.c:127:5: error: expected expression before 'float'
     float precioLatam = 159339;
     ^~~~~
18:10:54 **** Incremental Build of configuration Debug for project TP_1 ****
Info: Internal Builder is used for build
gcc -O0 -g3 -Wall -c -fmessage-length=0 -o "src\\TP_1.o" "..\\src\\TP_1.c" 
..\src\TP_1.c: In function 'main':
..\src\TP_1.c:126:5: error: a label can only be part of a statement and a declaration is not a statement
     int kilometros = 7090;
     ^~~
..\src\TP_1.c:127:5: error: expected expression before 'float'
     float precioLatam = 159339.00;
     ^~~~~
18:11:06 **** Incremental Build of configuration Debug for project TP_1 ****
Info: Internal Builder is used for build
gcc -O0 -g3 -Wall -c -fmessage-length=0 -o "src\\TP_1.o" "..\\src\\TP_1.c" 
..\src\TP_1.c: In function 'main':
..\src\TP_1.c:126:5: error: a label can only be part of a statement and a declaration is not a statement
     int kilometros = 7090;
     ^~~
..\src\TP_1.c:127:5: error: expected expression before 'float'
     float precioLatam = 159339;
     ^~~~~
18:11:47 **** Incremental Build of configuration Debug for project TP_1 ****
Info: Internal Builder is used for build
gcc -O0 -g3 -Wall -c -fmessage-length=0 -o "src\\TP_1.o" "..\\src\\TP_1.c" 
..\src\TP_1.c: In function 'main':
..\src\TP_1.c:126:5: error: a label can only be part of a statement and a declaration is not a statement
     int kilometros = 7090;
     ^~~
..\src\TP_1.c:127:5: error: expected expression before 'float'
     float precioLatam = 159339;
     ^~~~~
18:13:00 **** Incremental Build of configuration Debug for project TP_1 ****
Info: Internal Builder is used for build
gcc -O0 -g3 -Wall -c -fmessage-length=0 -o "src\\TP_1.o" "..\\src\\TP_1.c" 
..\src\TP_1.c: In function 'main':
..\src\TP_1.c:131:5: error: a label can only be part of a statement and a declaration is not a statement
     int kilometros = 7090;
     ^~~
..\src\TP_1.c:132:5: error: expected expression before 'float'
     float precioLatam = 159339;
     ^~~~~
18:13:01 **** Incremental Build of configuration Debug for project TP_1 ****
Info: Internal Builder is used for build
gcc -O0 -g3 -Wall -c -fmessage-length=0 -o "src\\TP_1.o" "..\\src\\TP_1.c" 
..\src\TP_1.c: In function 'main':
..\src\TP_1.c:131:5: error: a label can only be part of a statement and a declaration is not a statement
     int kilometros = 7090;
     ^~~
..\src\TP_1.c:132:5: error: expected expression before 'float'
     float precioLatam = 159339;
     ^~~~~
18:16:02 **** Incremental Build of configuration Debug for project TP_1 ****
Info: Internal Builder is used for build
gcc -O0 -g3 -Wall -c -fmessage-length=0 -o "src\\TP_1.o" "..\\src\\TP_1.c" 
..\src\TP_1.c: In function 'main':
..\src\TP_1.c:131:5: error: a label can only be part of a statement and a declaration is not a statement
     int kilometros = 7090;
     ^~~
..\src\TP_1.c:132:5: error: expected expression before 'float'
     float precioLatam = 159339;
     ^~~~~
18:17:51 **** Incremental Build of configuration Debug for project TP_1 ****
Info: Internal Builder is used for build
gcc -O0 -g3 -Wall -c -fmessage-length=0 -o "src\\validaciones.o" "..\\src\\validaciones.c" 
gcc -O0 -g3 -Wall -c -fmessage-length=0 -o "src\\TP_1.o" "..\\src\\TP_1.c" 
..\src\TP_1.c: In function 'main':
..\src\TP_1.c:131:5: error: a label can only be part of a statement and a declaration is not a statement
     int kilometros = 7090;
     ^~~
..\src\TP_1.c:132:5: error: expected expression before 'float'
     float precioLatam = 159339;
     ^~~~~
18:17:53 **** Incremental Build of configuration Debug for project TP_1 ****
Info: Internal Builder is used for build
gcc -O0 -g3 -Wall -c -fmessage-length=0 -o "src\\TP_1.o" "..\\src\\TP_1.c" 
..\src\TP_1.c: In function 'main':
..\src\TP_1.c:131:5: error: a label can only be part of a statement and a declaration is not a statement
     int kilometros = 7090;
     ^~~
..\src\TP_1.c:132:5: error: expected expression before 'float'
     float precioLatam = 159339;
     ^~~~~
18:18:16 **** Incremental Build of configuration Debug for project TP_1 ****
Info: Internal Builder is used for build
gcc -O0 -g3 -Wall -c -fmessage-length=0 -o "src\\TP_1.o" "..\\src\\TP_1.c" 
..\src\TP_1.c: In function 'main':
..\src\TP_1.c:131:5: error: a label can only be part of a statement and a declaration is not a statement
     int kilometros = 7090;
     ^~~
..\src\TP_1.c:132:5: error: expected expression before 'float'
     float precioLatam = 159339;
     ^~~~~
18:19:48 **** Incremental Build of configuration Debug for project TP_1 ****
Info: Internal Builder is used for build
gcc -O0 -g3 -Wall -c -fmessage-length=0 -o "src\\TP_1.o" "..\\src\\TP_1.c" 
gcc -o TP_1.exe "src\\TP_1.o" "src\\calculos.o" "src\\validaciones.o" 
18:21:03 **** Incremental Build of configuration Debug for project TP_1 ****
Info: Internal Builder is used for build
gcc -O0 -g3 -Wall -c -fmessage-length=0 -o "src\\TP_1.o" "..\\src\\TP_1.c" 
gcc -o TP_1.exe "src\\TP_1.o" "src\\calculos.o" "src\\validaciones.o" 
Info: Nothing to build for TP_1
18:21:31 **** Incremental Build of configuration Debug for project TP_1 ****
Info: Internal Builder is used for build
gcc -O0 -g3 -Wall -c -fmessage-length=0 -o "src\\TP_1.o" "..\\src\\TP_1.c" 
gcc -o TP_1.exe "src\\TP_1.o" "src\\calculos.o" "src\\validaciones.o" 
Info: Nothing to build for TP_1
18:23:22 **** Incremental Build of configuration Debug for project TP_1 ****
Info: Internal Builder is used for build
gcc -O0 -g3 -Wall -c -fmessage-length=0 -o "src\\TP_1.o" "..\\src\\TP_1.c" 
gcc -o TP_1.exe "src\\TP_1.o" "src\\calculos.o" "src\\validaciones.o" 
Info: Nothing to build for TP_1
18:23:36 **** Incremental Build of configuration Debug for project TP_1 ****
Info: Internal Builder is used for build
gcc -O0 -g3 -Wall -c -fmessage-length=0 -o "src\\TP_1.o" "..\\src\\TP_1.c" 
..\src\TP_1.c: In function 'main':
..\src\TP_1.c:131:5: error: a label can only be part of a statement and a declaration is not a statement
     int kilometros = 7090;
     ^~~
..\src\TP_1.c:132:5: error: expected expression before 'float'
     float precioLatam = 159339;
     ^~~~~
18:24:06 **** Incremental Build of configuration Debug for project TP_1 ****
Info: Internal Builder is used for build
gcc -O0 -g3 -Wall -c -fmessage-length=0 -o "src\\TP_1.o" "..\\src\\TP_1.c" 
..\src\TP_1.c: In function 'main':
..\src\TP_1.c:131:5: error: a label can only be part of a statement and a declaration is not a statement
     int kilometros = 7090;
     ^~~
..\src\TP_1.c:132:5: error: expected expression before 'float'
     float precioLatam = 159339;
     ^~~~~
18:24:21 **** Incremental Build of configuration Debug for project TP_1 ****
Info: Internal Builder is used for build
gcc -O0 -g3 -Wall -c -fmessage-length=0 -o "src\\TP_1.o" "..\\src\\TP_1.c" 
gcc -o TP_1.exe "src\\TP_1.o" "src\\calculos.o" "src\\validaciones.o" 
Info: Nothing to build for TP_1
18:24:41 **** Incremental Build of configuration Debug for project TP_1 ****
Info: Internal Builder is used for build
gcc -O0 -g3 -Wall -c -fmessage-length=0 -o "src\\TP_1.o" "..\\src\\TP_1.c" 
gcc -o TP_1.exe "src\\TP_1.o" "src\\calculos.o" "src\\validaciones.o" 
Info: Nothing to build for TP_1
18:26:47 **** Incremental Build of configuration Debug for project TP_1 ****
Info: Internal Builder is used for build
gcc -O0 -g3 -Wall -c -fmessage-length=0 -o "src\\TP_1.o" "..\\src\\TP_1.c" 
gcc -o TP_1.exe "src\\TP_1.o" "src\\calculos.o" "src\\validaciones.o" 
Info: Nothing to build for TP_1
Info: Nothing to build for TP_1
18:27:35 **** Incremental Build of configuration Debug for project TP_1 ****
Info: Internal Builder is used for build
gcc -O0 -g3 -Wall -c -fmessage-length=0 -o "src\\TP_1.o" "..\\src\\TP_1.c" 
gcc -o TP_1.exe "src\\TP_1.o" "src\\calculos.o" "src\\validaciones.o" 
Info: Nothing to build for TP_1
18:28:14 **** Incremental Build of configuration Debug for project TP_1 ****
Info: Internal Builder is used for build
gcc -O0 -g3 -Wall -c -fmessage-length=0 -o "src\\TP_1.o" "..\\src\\TP_1.c" 
..\src\TP_1.c: In function 'main':
..\src\TP_1.c:131:5: error: a label can only be part of a statement and a declaration is not a statement
     int kilometros = 7090;
     ^~~
..\src\TP_1.c:132:5: error: expected expression before 'float'
     float precioLatam = 159339;
     ^~~~~
18:29:27 **** Incremental Build of configuration Debug for project TP_1 ****
Info: Internal Builder is used for build
gcc -O0 -g3 -Wall -c -fmessage-length=0 -o "src\\TP_1.o" "..\\src\\TP_1.c" 
..\src\TP_1.c: In function 'main':
..\src\TP_1.c:131:5: error: a label can only be part of a statement and a declaration is not a statement
     int kilometros = 7090;
     ^~~
..\src\TP_1.c:132:5: error: expected expression before 'float'
     float precioLatam = 159339.0;
     ^~~~~
18:29:55 **** Incremental Build of configuration Debug for project TP_1 ****
Info: Internal Builder is used for build
gcc -O0 -g3 -Wall -c -fmessage-length=0 -o "src\\TP_1.o" "..\\src\\TP_1.c" 
..\src\TP_1.c: In function 'main':
..\src\TP_1.c:131:5: error: a label can only be part of a statement and a declaration is not a statement
     int kilometros = 7090;
     ^~~
..\src\TP_1.c:132:5: error: expected expression before 'float'
     float precioLatam = 159339;
     ^~~~~
18:55:14 **** Incremental Build of configuration Debug for project TP_1 ****
Info: Internal Builder is used for build
gcc -O0 -g3 -Wall -c -fmessage-length=0 -o "src\\TP_1.o" "..\\src\\TP_1.c" 
..\src\TP_1.c: In function 'main':
..\src\TP_1.c:130:5: error: a label can only be part of a statement and a declaration is not a statement
     int kilometros = 7090;
     ^~~
..\src\TP_1.c:131:5: error: expected expression before 'float'
     float precioLatam = 159339;
     ^~~~~
18:55:38 **** Incremental Build of configuration Debug for project TP_1 ****
Info: Internal Builder is used for build
gcc -O0 -g3 -Wall -c -fmessage-length=0 -o "src\\TP_1.o" "..\\src\\TP_1.c" 
gcc -o TP_1.exe "src\\TP_1.o" "src\\calculos.o" "src\\validaciones.o" 
Info: Nothing to build for TP_1
Info: Nothing to build for TP_1
Info: Nothing to build for TP_1
Info: Nothing to build for TP_1
Info: Nothing to build for TP_1
19:00:04 **** Incremental Build of configuration Debug for project TP_1 ****
Info: Internal Builder is used for build
gcc -O0 -g3 -Wall -c -fmessage-length=0 -o "src\\TP_1.o" "..\\src\\TP_1.c" 
gcc -o TP_1.exe "src\\TP_1.o" "src\\calculos.o" "src\\validaciones.o" 
Info: Nothing to build for TP_1
16:29:42 **** Incremental Build of configuration Debug for project TP_1 ****
Info: Internal Builder is used for build
gcc -O0 -g3 -Wall -c -fmessage-length=0 -o "src\\TP_1.o" "..\\src\\TP_1.c" 
..\src\TP_1.c: In function 'main':
..\src\TP_1.c:47:10: warning: format '%f' expects a matching 'double' argument [-Wformat=]
   printf("1- Ingrese los KMs. (KM = %d)\n"
          ^
..\src\TP_1.c:47:10: warning: format '%f' expects a matching 'double' argument [-Wformat=]
gcc -o TP_1.exe "src\\TP_1.o" "src\\calculos.o" "src\\validaciones.o" 
16:30:25 **** Incremental Build of configuration Debug for project TP_1 ****
Info: Internal Builder is used for build
gcc -O0 -g3 -Wall -c -fmessage-length=0 -o "src\\TP_1.o" "..\\src\\TP_1.c" 
gcc -o TP_1.exe "src\\TP_1.o" "src\\calculos.o" "src\\validaciones.o" 
Info: Nothing to build for TP_1
16:32:36 **** Incremental Build of configuration Debug for project TP_1 ****
Info: Internal Builder is used for build
gcc -O0 -g3 -Wall -c -fmessage-length=0 -o "src\\TP_1.o" "..\\src\\TP_1.c" 
gcc -o TP_1.exe "src\\TP_1.o" "src\\calculos.o" "src\\validaciones.o" 
16:32:50 **** Incremental Build of configuration Debug for project TP_1 ****
Info: Internal Builder is used for build
gcc -O0 -g3 -Wall -c -fmessage-length=0 -o "src\\TP_1.o" "..\\src\\TP_1.c" 
gcc -o TP_1.exe "src\\TP_1.o" "src\\calculos.o" "src\\validaciones.o" 
Info: Nothing to build for TP_1
Info: Nothing to build for TP_1
Info: Nothing to build for TP_1
16:34:44 **** Incremental Build of configuration Debug for project TP_1 ****
Info: Internal Builder is used for build
gcc -O0 -g3 -Wall -c -fmessage-length=0 -o "src\\TP_1.o" "..\\src\\TP_1.c" 
gcc -o TP_1.exe "src\\TP_1.o" "src\\calculos.o" "src\\validaciones.o" 
Info: Nothing to build for TP_1
16:35:36 **** Incremental Build of configuration Debug for project TP_1 ****
Info: Internal Builder is used for build
gcc -O0 -g3 -Wall -c -fmessage-length=0 -o "src\\TP_1.o" "..\\src\\TP_1.c" 
gcc -o TP_1.exe "src\\TP_1.o" "src\\calculos.o" "src\\validaciones.o" 
Info: Nothing to build for TP_1
16:38:23 **** Incremental Build of configuration Debug for project TP_1 ****
Info: Internal Builder is used for build
gcc -O0 -g3 -Wall -c -fmessage-length=0 -o "src\\TP_1.o" "..\\src\\TP_1.c" 
gcc -o TP_1.exe "src\\TP_1.o" "src\\calculos.o" "src\\validaciones.o" 
Info: Nothing to build for TP_1
16:39:45 **** Incremental Build of configuration Debug for project TP_1 ****
Info: Internal Builder is used for build
gcc -O0 -g3 -Wall -c -fmessage-length=0 -o "src\\TP_1.o" "..\\src\\TP_1.c" 
gcc -o TP_1.exe "src\\TP_1.o" "src\\calculos.o" "src\\validaciones.o" 
Info: Nothing to build for TP_1
16:48:47 **** Incremental Build of configuration Debug for project TP_1 ****
Info: Internal Builder is used for build
gcc -O0 -g3 -Wall -c -fmessage-length=0 -o "src\\calculos.o" "..\\src\\calculos.c" 
..\src\calculos.c: In function 'cargaForzada':
..\src\calculos.c:54:3: error: 'debitoLatam' undeclared (first use in this function)
   debitoLatam = CalculoDebito(precioLatam, descuento);
   ^~~~~~~~~~~
..\src\calculos.c:54:3: note: each undeclared identifier is reported only once for each function it appears in
..\src\calculos.c:54:31: error: 'precioLatam' undeclared (first use in this function)
   debitoLatam = CalculoDebito(precioLatam, descuento);
                               ^~~~~~~~~~~
..\src\calculos.c:54:44: error: 'descuento' undeclared (first use in this function)
   debitoLatam = CalculoDebito(precioLatam, descuento);
                                            ^~~~~~~~~
..\src\calculos.c:55:3: error: 'creditoLatam' undeclared (first use in this function)
   creditoLatam = CalculoCredito(precioLatam, interes);
   ^~~~~~~~~~~~
..\src\calculos.c:55:46: error: 'interes' undeclared (first use in this function)
   creditoLatam = CalculoCredito(precioLatam, interes);
                                              ^~~~~~~
..\src\calculos.c:56:3: error: 'bitcoinLatam' undeclared (first use in this function)
   bitcoinLatam = CalculoBitcoin(precioLatam, bitcoinPrecio);
   ^~~~~~~~~~~~
..\src\calculos.c:56:46: error: 'bitcoinPrecio' undeclared (first use in this function)
   bitcoinLatam = CalculoBitcoin(precioLatam, bitcoinPrecio);
                                              ^~~~~~~~~~~~~
..\src\calculos.c:57:3: error: 'precioUnitLatam' undeclared (first use in this function)
   precioUnitLatam = CalculoPreUnit(precioLatam, kilometros);
   ^~~~~~~~~~~~~~~
..\src\calculos.c:57:49: error: 'kilometros' undeclared (first use in this function)
   precioUnitLatam = CalculoPreUnit(precioLatam, kilometros);
                                                 ^~~~~~~~~~
..\src\calculos.c:60:3: error: 'debitoAerolineas' undeclared (first use in this function)
   debitoAerolineas = CalculoDebito(precioAerolineas, descuento);
   ^~~~~~~~~~~~~~~~
..\src\calculos.c:60:36: error: 'precioAerolineas' undeclared (first use in this function)
   debitoAerolineas = CalculoDebito(precioAerolineas, descuento);
                                    ^~~~~~~~~~~~~~~~
..\src\calculos.c:61:3: error: 'creditoAerolineas' undeclared (first use in this function)
   creditoAerolineas = CalculoCredito(precioAerolineas, interes);//
   ^~~~~~~~~~~~~~~~~
..\src\calculos.c:62:3: error: 'bitcoinAerolineas' undeclared (first use in this function)
   bitcoinAerolineas = CalculoBitcoin(precioAerolineas, bitcoinPrecio);
   ^~~~~~~~~~~~~~~~~
..\src\calculos.c:63:3: error: 'precioUnitAerolineas' undeclared (first use in this function)
   precioUnitAerolineas = CalculoPreUnit(precioAerolineas, kilometros);
   ^~~~~~~~~~~~~~~~~~~~
..\src\calculos.c:66:3: error: 'difPrecios' undeclared (first use in this function)
   difPrecios = DiferenciaPrecios(precioLatam, precioAerolineas);
   ^~~~~~~~~~
..\src\calculos.c:68:3: warning: implicit declaration of function 'printf' [-Wimplicit-function-declaration]
   printf( "\n----------------------------------------------------------"
   ^~~~~~
..\src\calculos.c:68:3: warning: incompatible implicit declaration of built-in function 'printf'
..\src\calculos.c:68:3: note: include '<stdio.h>' or provide a declaration of 'printf'
16:50:12 **** Incremental Build of configuration Debug for project TP_1 ****
Info: Internal Builder is used for build
gcc -O0 -g3 -Wall -c -fmessage-length=0 -o "src\\TP_1.o" "..\\src\\TP_1.c" 
..\src\TP_1.c: In function 'main':
..\src\TP_1.c:21:6: warning: variable 'muestra' set but not used [-Wunused-but-set-variable]
  int muestra;
      ^~~~~~~
gcc -O0 -g3 -Wall -c -fmessage-length=0 -o "src\\calculos.o" "..\\src\\calculos.c" 
..\src\calculos.c: In function 'cargaForzada':
..\src\calculos.c:56:3: error: 'debitoLatam' undeclared (first use in this function)
   debitoLatam = CalculoDebito(precioLatam, descuento);
   ^~~~~~~~~~~
..\src\calculos.c:56:3: note: each undeclared identifier is reported only once for each function it appears in
..\src\calculos.c:56:31: error: 'precioLatam' undeclared (first use in this function)
   debitoLatam = CalculoDebito(precioLatam, descuento);
                               ^~~~~~~~~~~
..\src\calculos.c:56:44: error: 'descuento' undeclared (first use in this function)
   debitoLatam = CalculoDebito(precioLatam, descuento);
                                            ^~~~~~~~~
..\src\calculos.c:57:3: error: 'creditoLatam' undeclared (first use in this function)
   creditoLatam = CalculoCredito(precioLatam, interes);
   ^~~~~~~~~~~~
..\src\calculos.c:57:46: error: 'interes' undeclared (first use in this function)
   creditoLatam = CalculoCredito(precioLatam, interes);
                                              ^~~~~~~
..\src\calculos.c:58:3: error: 'bitcoinLatam' undeclared (first use in this function)
   bitcoinLatam = CalculoBitcoin(precioLatam, bitcoinPrecio);
   ^~~~~~~~~~~~
..\src\calculos.c:58:46: error: 'bitcoinPrecio' undeclared (first use in this function)
   bitcoinLatam = CalculoBitcoin(precioLatam, bitcoinPrecio);
                                              ^~~~~~~~~~~~~
..\src\calculos.c:59:3: error: 'precioUnitLatam' undeclared (first use in this function)
   precioUnitLatam = CalculoPreUnit(precioLatam, kilometros);
   ^~~~~~~~~~~~~~~
..\src\calculos.c:59:49: error: 'kilometros' undeclared (first use in this function)
   precioUnitLatam = CalculoPreUnit(precioLatam, kilometros);
                                                 ^~~~~~~~~~
..\src\calculos.c:62:3: error: 'debitoAerolineas' undeclared (first use in this function)
   debitoAerolineas = CalculoDebito(precioAerolineas, descuento);
   ^~~~~~~~~~~~~~~~
..\src\calculos.c:62:36: error: 'precioAerolineas' undeclared (first use in this function)
   debitoAerolineas = CalculoDebito(precioAerolineas, descuento);
                                    ^~~~~~~~~~~~~~~~
..\src\calculos.c:63:3: error: 'creditoAerolineas' undeclared (first use in this function)
   creditoAerolineas = CalculoCredito(precioAerolineas, interes);//
   ^~~~~~~~~~~~~~~~~
..\src\calculos.c:64:3: error: 'bitcoinAerolineas' undeclared (first use in this function)
   bitcoinAerolineas = CalculoBitcoin(precioAerolineas, bitcoinPrecio);
   ^~~~~~~~~~~~~~~~~
..\src\calculos.c:65:3: error: 'precioUnitAerolineas' undeclared (first use in this function)
   precioUnitAerolineas = CalculoPreUnit(precioAerolineas, kilometros);
   ^~~~~~~~~~~~~~~~~~~~
..\src\calculos.c:68:3: error: 'difPrecios' undeclared (first use in this function)
   difPrecios = DiferenciaPrecios(precioLatam, precioAerolineas);
   ^~~~~~~~~~
16:50:42 **** Incremental Build of configuration Debug for project TP_1 ****
Info: Internal Builder is used for build
gcc -O0 -g3 -Wall -c -fmessage-length=0 -o "src\\calculos.o" "..\\src\\calculos.c" 
..\src\calculos.c: In function 'cargaForzada':
..\src\calculos.c:70:31: error: 'precioLatam' undeclared (first use in this function)
   debitoLatam = CalculoDebito(precioLatam, descuento);
                               ^~~~~~~~~~~
..\src\calculos.c:70:31: note: each undeclared identifier is reported only once for each function it appears in
..\src\calculos.c:70:44: error: 'descuento' undeclared (first use in this function)
   debitoLatam = CalculoDebito(precioLatam, descuento);
                                            ^~~~~~~~~
..\src\calculos.c:71:46: error: 'interes' undeclared (first use in this function)
   creditoLatam = CalculoCredito(precioLatam, interes);
                                              ^~~~~~~
..\src\calculos.c:72:46: error: 'bitcoinPrecio' undeclared (first use in this function)
   bitcoinLatam = CalculoBitcoin(precioLatam, bitcoinPrecio);
                                              ^~~~~~~~~~~~~
..\src\calculos.c:73:49: error: 'kilometros' undeclared (first use in this function)
   precioUnitLatam = CalculoPreUnit(precioLatam, kilometros);
                                                 ^~~~~~~~~~
..\src\calculos.c:76:36: error: 'precioAerolineas' undeclared (first use in this function)
   debitoAerolineas = CalculoDebito(precioAerolineas, descuento);
                                    ^~~~~~~~~~~~~~~~
16:52:31 **** Incremental Build of configuration Debug for project TP_1 ****
Info: Internal Builder is used for build
gcc -O0 -g3 -Wall -c -fmessage-length=0 -o "src\\TP_1.o" "..\\src\\TP_1.c" 
..\src\TP_1.c: In function 'main':
..\src\TP_1.c:21:8: warning: variable 'muestra' set but not used [-Wunused-but-set-variable]
  float muestra;
        ^~~~~~~
gcc -O0 -g3 -Wall -c -fmessage-length=0 -o "src\\calculos.o" "..\\src\\calculos.c" 
..\src\calculos.c: In function 'cargaForzada':
..\src\calculos.c:54:3: error: 'kilometros' undeclared (first use in this function)
   kilometros = 7090;
   ^~~~~~~~~~
..\src\calculos.c:54:3: note: each undeclared identifier is reported only once for each function it appears in
..\src\calculos.c:55:3: error: 'precioLatam' undeclared (first use in this function)
   precioLatam = 159339;
   ^~~~~~~~~~~
..\src\calculos.c:56:3: error: 'precioAerolineas' undeclared (first use in this function)
   precioAerolineas = 162965;
   ^~~~~~~~~~~~~~~~
..\src\calculos.c:73:44: error: 'descuento' undeclared (first use in this function)
   debitoLatam = CalculoDebito(precioLatam, descuento);
                                            ^~~~~~~~~
..\src\calculos.c:74:46: error: 'interes' undeclared (first use in this function)
   creditoLatam = CalculoCredito(precioLatam, interes);
                                              ^~~~~~~
..\src\calculos.c:75:46: error: 'bitcoinPrecio' undeclared (first use in this function)
   bitcoinLatam = CalculoBitcoin(precioLatam, bitcoinPrecio);
                                              ^~~~~~~~~~~~~
16:53:28 **** Incremental Build of configuration Debug for project TP_1 ****
Info: Internal Builder is used for build
gcc -O0 -g3 -Wall -c -fmessage-length=0 -o "src\\calculos.o" "..\\src\\calculos.c" 
..\src\calculos.c: In function 'cargaForzada':
..\src\calculos.c:54:3: error: 'kilometros' undeclared (first use in this function)
   kilometros = 7090;
   ^~~~~~~~~~
..\src\calculos.c:54:3: note: each undeclared identifier is reported only once for each function it appears in
..\src\calculos.c:55:3: error: 'precioLatam' undeclared (first use in this function)
   precioLatam = 159339;
   ^~~~~~~~~~~
..\src\calculos.c:56:3: error: 'precioAerolineas' undeclared (first use in this function)
   precioAerolineas = 162965;
   ^~~~~~~~~~~~~~~~
..\src\calculos.c:73:44: error: 'descuento' undeclared (first use in this function)
   debitoLatam = CalculoDebito(precioLatam, descuento);
                                            ^~~~~~~~~
..\src\calculos.c:74:46: error: 'interes' undeclared (first use in this function)
   creditoLatam = CalculoCredito(precioLatam, interes);
                                              ^~~~~~~
..\src\calculos.c:75:46: error: 'bitcoinPrecio' undeclared (first use in this function)
   bitcoinLatam = CalculoBitcoin(precioLatam, bitcoinPrecio);
                                              ^~~~~~~~~~~~~
16:54:12 **** Incremental Build of configuration Debug for project TP_1 ****
Info: Internal Builder is used for build
gcc -O0 -g3 -Wall -c -fmessage-length=0 -o "src\\calculos.o" "..\\src\\calculos.c" 
gcc -O0 -g3 -Wall -c -fmessage-length=0 -o "src\\TP_1.o" "..\\src\\TP_1.c" 
..\src\TP_1.c: In function 'main':
..\src\TP_1.c:132:15: error: too few arguments to function 'cargaForzada'
     muestra = cargaForzada();
               ^~~~~~~~~~~~
In file included from ..\src\TP_1.c:16:0:
..\src\calculos.h:25:7: note: declared here
 float cargaForzada(int kilometros, float precioAerolineas, float precioLatam);
       ^~~~~~~~~~~~
..\src\TP_1.c:21:8: warning: variable 'muestra' set but not used [-Wunused-but-set-variable]
  float muestra;
        ^~~~~~~
16:55:04 **** Incremental Build of configuration Debug for project TP_1 ****
Info: Internal Builder is used for build
gcc -O0 -g3 -Wall -c -fmessage-length=0 -o "src\\TP_1.o" "..\\src\\TP_1.c" 
..\src\TP_1.c: In function 'main':
..\src\TP_1.c:132:13: error: void value not ignored as it ought to be
     muestra = cargaForzada();
             ^
..\src\TP_1.c:21:8: warning: variable 'muestra' set but not used [-Wunused-but-set-variable]
  float muestra;
        ^~~~~~~
16:56:06 **** Incremental Build of configuration Debug for project TP_1 ****
Info: Internal Builder is used for build
gcc -O0 -g3 -Wall -c -fmessage-length=0 -o "src\\TP_1.o" "..\\src\\TP_1.c" 
..\src\TP_1.c: In function 'main':
..\src\TP_1.c:131:5: error: 'muestra' undeclared (first use in this function)
     muestra = cargaForzada();
     ^~~~~~~
..\src\TP_1.c:131:5: note: each undeclared identifier is reported only once for each function it appears in
16:56:49 **** Incremental Build of configuration Debug for project TP_1 ****
Info: Internal Builder is used for build
gcc -O0 -g3 -Wall -c -fmessage-length=0 -o "src\\TP_1.o" "..\\src\\TP_1.c" 
gcc -o TP_1.exe "src\\TP_1.o" "src\\calculos.o" "src\\validaciones.o" 
Info: Nothing to build for TP_1
Info: Nothing to build for TP_1
16:56:59 **** Incremental Build of configuration Debug for project TP_1 ****
Info: Internal Builder is used for build
gcc -O0 -g3 -Wall -c -fmessage-length=0 -o "src\\TP_1.o" "..\\src\\TP_1.c" 
gcc -o TP_1.exe "src\\TP_1.o" "src\\calculos.o" "src\\validaciones.o" 
Info: Nothing to build for TP_1
16:57:59 **** Incremental Build of configuration Debug for project TP_1 ****
Info: Internal Builder is used for build
gcc -O0 -g3 -Wall -c -fmessage-length=0 -o "src\\calculos.o" "..\\src\\calculos.c" 
..\src\calculos.c: In function 'cargaForzada':
..\src\calculos.c:89:3: warning: implicit declaration of function 'printf' [-Wimplicit-function-declaration]
   printf( "\n----------------------------------------------------------"
   ^~~~~~
..\src\calculos.c:89:3: warning: incompatible implicit declaration of built-in function 'printf'
..\src\calculos.c:89:3: note: include '<stdio.h>' or provide a declaration of 'printf'
gcc -O0 -g3 -Wall -c -fmessage-length=0 -o "src\\TP_1.o" "..\\src\\TP_1.c" 
gcc -o TP_1.exe "src\\TP_1.o" "src\\calculos.o" "src\\validaciones.o" 
16:58:08 **** Incremental Build of configuration Debug for project TP_1 ****
Info: Internal Builder is used for build
gcc -O0 -g3 -Wall -c -fmessage-length=0 -o "src\\calculos.o" "..\\src\\calculos.c" 
gcc -o TP_1.exe "src\\TP_1.o" "src\\calculos.o" "src\\validaciones.o" 
16:58:59 **** Incremental Build of configuration Debug for project TP_1 ****
Info: Internal Builder is used for build
gcc -O0 -g3 -Wall -c -fmessage-length=0 -o "src\\TP_1.o" "..\\src\\TP_1.c" 
gcc -o TP_1.exe "src\\TP_1.o" "src\\calculos.o" "src\\validaciones.o" 
Info: Nothing to build for TP_1
Info: Nothing to build for TP_1
17:02:04 **** Incremental Build of configuration Debug for project TP_1 ****
Info: Internal Builder is used for build
gcc -O0 -g3 -Wall -c -fmessage-length=0 -o "src\\TP_1.o" "..\\src\\TP_1.c" 
gcc -o TP_1.exe "src\\TP_1.o" "src\\calculos.o" "src\\validaciones.o" 
Info: Nothing to build for TP_1
17:02:31 **** Incremental Build of configuration Debug for project TP_1 ****
Info: Internal Builder is used for build
gcc -O0 -g3 -Wall -c -fmessage-length=0 -o "src\\TP_1.o" "..\\src\\TP_1.c" 
gcc -o TP_1.exe "src\\TP_1.o" "src\\calculos.o" "src\\validaciones.o" 
Info: Nothing to build for TP_1
17:03:04 **** Incremental Build of configuration Debug for project TP_1 ****
Info: Internal Builder is used for build
gcc -O0 -g3 -Wall -c -fmessage-length=0 -o "src\\TP_1.o" "..\\src\\TP_1.c" 
gcc -o TP_1.exe "src\\TP_1.o" "src\\calculos.o" "src\\validaciones.o" 
Info: Nothing to build for TP_1
17:03:12 **** Incremental Build of configuration Debug for project TP_1 ****
Info: Internal Builder is used for build
gcc -O0 -g3 -Wall -c -fmessage-length=0 -o "src\\TP_1.o" "..\\src\\TP_1.c" 
gcc -o TP_1.exe "src\\TP_1.o" "src\\calculos.o" "src\\validaciones.o" 
Info: Nothing to build for TP_1
17:03:47 **** Incremental Build of configuration Debug for project TP_1 ****
Info: Internal Builder is used for build
gcc -O0 -g3 -Wall -c -fmessage-length=0 -o "src\\TP_1.o" "..\\src\\TP_1.c" 
gcc -o TP_1.exe "src\\TP_1.o" "src\\calculos.o" "src\\validaciones.o" 
Info: Nothing to build for TP_1
17:04:06 **** Incremental Build of configuration Debug for project TP_1 ****
Info: Internal Builder is used for build
gcc -O0 -g3 -Wall -c -fmessage-length=0 -o "src\\TP_1.o" "..\\src\\TP_1.c" 
gcc -o TP_1.exe "src\\TP_1.o" "src\\calculos.o" "src\\validaciones.o" 
Info: Nothing to build for TP_1
Info: Nothing to build for TP_1
Info: Nothing to build for TP_1
17:04:55 **** Incremental Build of configuration Debug for project TP_1 ****
Info: Internal Builder is used for build
gcc -O0 -g3 -Wall -c -fmessage-length=0 -o "src\\TP_1.o" "..\\src\\TP_1.c" 
gcc -o TP_1.exe "src\\TP_1.o" "src\\calculos.o" "src\\validaciones.o" 
Info: Nothing to build for TP_1
Info: Nothing to build for TP_1
Info: Nothing to build for TP_1
17:06:38 **** Incremental Build of configuration Debug for project TP_1 ****
Info: Internal Builder is used for build
gcc -O0 -g3 -Wall -c -fmessage-length=0 -o "src\\TP_1.o" "..\\src\\TP_1.c" 
gcc -o TP_1.exe "src\\TP_1.o" "src\\calculos.o" "src\\validaciones.o" 
Info: Nothing to build for TP_1
17:06:53 **** Incremental Build of configuration Debug for project TP_1 ****
Info: Internal Builder is used for build
gcc -O0 -g3 -Wall -c -fmessage-length=0 -o "src\\TP_1.o" "..\\src\\TP_1.c" 
gcc -o TP_1.exe "src\\TP_1.o" "src\\calculos.o" "src\\validaciones.o" 
Info: Nothing to build for TP_1
17:08:03 **** Incremental Build of configuration Debug for project TP_1 ****
Info: Internal Builder is used for build
gcc -O0 -g3 -Wall -c -fmessage-length=0 -o "src\\TP_1.o" "..\\src\\TP_1.c" 
gcc -o TP_1.exe "src\\TP_1.o" "src\\calculos.o" "src\\validaciones.o" 
Info: Nothing to build for TP_1
Info: Nothing to build for TP_1
Info: Nothing to build for TP_1
Info: Nothing to build for TP_1
Info: Nothing to build for TP_1
Info: Nothing to build for TP_1
Info: Nothing to build for TP_1
Info: Nothing to build for TP_1
Info: Nothing to build for TP_1
17:26:43 **** Incremental Build of configuration Debug for project TP_1 ****
Info: Internal Builder is used for build
gcc -O0 -g3 -Wall -c -fmessage-length=0 -o "src\\calculos.o" "..\\src\\calculos.c" 
gcc -o TP_1.exe "src\\TP_1.o" "src\\calculos.o" "src\\validaciones.o" 
Info: Nothing to build for TP_1
Info: Nothing to build for TP_1
Info: Nothing to build for TP_1
17:27:43 **** Incremental Build of configuration Debug for project TP_1 ****
Info: Internal Builder is used for build
gcc -O0 -g3 -Wall -c -fmessage-length=0 -o "src\\TP_1.o" "..\\src\\TP_1.c" 
gcc -o TP_1.exe "src\\TP_1.o" "src\\calculos.o" "src\\validaciones.o" 
Info: Nothing to build for TP_1
17:28:03 **** Incremental Build of configuration Debug for project TP_1 ****
Info: Internal Builder is used for build
gcc -O0 -g3 -Wall -c -fmessage-length=0 -o "src\\TP_1.o" "..\\src\\TP_1.c" 
gcc -o TP_1.exe "src\\TP_1.o" "src\\calculos.o" "src\\validaciones.o" 
Info: Nothing to build for TP_1
Info: Nothing to build for TP_1
17:29:31 **** Incremental Build of configuration Debug for project TP_1 ****
Info: Internal Builder is used for build
gcc -O0 -g3 -Wall -c -fmessage-length=0 -o "src\\validaciones.o" "..\\src\\validaciones.c" 
gcc -o TP_1.exe "src\\TP_1.o" "src\\calculos.o" "src\\validaciones.o" 
Info: Nothing to build for TP_1
17:30:35 **** Incremental Build of configuration Debug for project TP_1 ****
Info: Internal Builder is used for build
gcc -O0 -g3 -Wall -c -fmessage-length=0 -o "src\\TP_1.o" "..\\src\\TP_1.c" 
gcc -o TP_1.exe "src\\TP_1.o" "src\\calculos.o" "src\\validaciones.o" 
Info: Nothing to build for TP_1
17:32:46 **** Incremental Build of configuration Debug for project TP_1 ****
Info: Internal Builder is used for build
gcc -O0 -g3 -Wall -c -fmessage-length=0 -o "src\\validaciones.o" "..\\src\\validaciones.c" 
gcc -o TP_1.exe "src\\TP_1.o" "src\\calculos.o" "src\\validaciones.o" 
Info: Nothing to build for TP_1
17:35:41 **** Incremental Build of configuration Debug for project TP_1 ****
Info: Internal Builder is used for build
gcc -O0 -g3 -Wall -c -fmessage-length=0 -o "src\\validaciones.o" "..\\src\\validaciones.c" 
gcc -o TP_1.exe "src\\TP_1.o" "src\\calculos.o" "src\\validaciones.o" 
Info: Nothing to build for TP_1
17:38:04 **** Incremental Build of configuration Debug for project TP_1 ****
Info: Internal Builder is used for build
gcc -O0 -g3 -Wall -c -fmessage-length=0 -o "src\\validaciones.o" "..\\src\\validaciones.c" 
gcc -o TP_1.exe "src\\TP_1.o" "src\\calculos.o" "src\\validaciones.o" 
Info: Nothing to build for TP_1
17:38:59 **** Incremental Build of configuration Debug for project TP_1 ****
Info: Internal Builder is used for build
gcc -O0 -g3 -Wall -c -fmessage-length=0 -o "src\\validaciones.o" "..\\src\\validaciones.c" 
gcc -o TP_1.exe "src\\TP_1.o" "src\\calculos.o" "src\\validaciones.o" 
Info: Nothing to build for TP_1
17:39:53 **** Incremental Build of configuration Debug for project TP_1 ****
Info: Internal Builder is used for build
gcc -O0 -g3 -Wall -c -fmessage-length=0 -o "src\\validaciones.o" "..\\src\\validaciones.c" 
gcc -o TP_1.exe "src\\TP_1.o" "src\\calculos.o" "src\\validaciones.o" 
Info: Nothing to build for TP_1
Info: Nothing to build for TP_1
Info: Nothing to build for TP_1
Info: Nothing to build for TP_1
17:45:06 **** Incremental Build of configuration Debug for project TP_1 ****
Info: Internal Builder is used for build
gcc -O0 -g3 -Wall -c -fmessage-length=0 -o "src\\TP_1.o" "..\\src\\TP_1.c" 
..\src\TP_1.c: In function 'main':
..\src\TP_1.c:103:6: error: 'calculado' undeclared (first use in this function)
      calculado = 1;
      ^~~~~~~~~
..\src\TP_1.c:103:6: note: each undeclared identifier is reported only once for each function it appears in
..\src\TP_1.c:132:6: warning: implicit declaration of function 'prinf' [-Wimplicit-function-declaration]
      prinf("\nNo ha realizado los calculos...");
      ^~~~~
17:45:19 **** Incremental Build of configuration Debug for project TP_1 ****
Info: Internal Builder is used for build
gcc -O0 -g3 -Wall -c -fmessage-length=0 -o "src\\TP_1.o" "..\\src\\TP_1.c" 
..\src\TP_1.c: In function 'main':
..\src\TP_1.c:103:6: error: 'calculado' undeclared (first use in this function)
      calculado = 1;
      ^~~~~~~~~
..\src\TP_1.c:103:6: note: each undeclared identifier is reported only once for each function it appears in
..\src\TP_1.c:132:6: warning: implicit declaration of function 'prinf' [-Wimplicit-function-declaration]
      prinf("\nNo ha realizado los calculos...");
      ^~~~~
..\src\TP_1.c:28:6: warning: unused variable 'calculo' [-Wunused-variable]
  int calculo = 0;
      ^~~~~~~
17:45:28 **** Incremental Build of configuration Debug for project TP_1 ****
Info: Internal Builder is used for build
gcc -O0 -g3 -Wall -c -fmessage-length=0 -o "src\\TP_1.o" "..\\src\\TP_1.c" 
..\src\TP_1.c: In function 'main':
..\src\TP_1.c:103:6: error: 'calculado' undeclared (first use in this function)
      calculado = 1;
      ^~~~~~~~~
..\src\TP_1.c:103:6: note: each undeclared identifier is reported only once for each function it appears in
..\src\TP_1.c:28:6: warning: unused variable 'calculo' [-Wunused-variable]
  int calculo = 0;
      ^~~~~~~
17:45:52 **** Incremental Build of configuration Debug for project TP_1 ****
Info: Internal Builder is used for build
gcc -O0 -g3 -Wall -c -fmessage-length=0 -o "src\\TP_1.o" "..\\src\\TP_1.c" 
..\src\TP_1.c: In function 'main':
..\src\TP_1.c:103:6: error: 'calculado' undeclared (first use in this function)
      calculado = 1;
      ^~~~~~~~~
..\src\TP_1.c:103:6: note: each undeclared identifier is reported only once for each function it appears in
17:46:02 **** Incremental Build of configuration Debug for project TP_1 ****
Info: Internal Builder is used for build
gcc -O0 -g3 -Wall -c -fmessage-length=0 -o "src\\TP_1.o" "..\\src\\TP_1.c" 
gcc -o TP_1.exe "src\\TP_1.o" "src\\calculos.o" "src\\validaciones.o" 
Info: Nothing to build for TP_1
Info: Nothing to build for TP_1
Info: Nothing to build for TP_1
Info: Nothing to build for TP_1
Info: Nothing to build for TP_1
17:48:57 **** Incremental Build of configuration Debug for project TP_1 ****
Info: Internal Builder is used for build
gcc -O0 -g3 -Wall -c -fmessage-length=0 -o "src\\TP_1.o" "..\\src\\TP_1.c" 
gcc -o TP_1.exe "src\\TP_1.o" "src\\calculos.o" "src\\validaciones.o" 
Info: Nothing to build for TP_1
17:49:15 **** Incremental Build of configuration Debug for project TP_1 ****
Info: Internal Builder is used for build
gcc -O0 -g3 -Wall -c -fmessage-length=0 -o "src\\TP_1.o" "..\\src\\TP_1.c" 
gcc -o TP_1.exe "src\\TP_1.o" "src\\calculos.o" "src\\validaciones.o" 
17:49:31 **** Incremental Build of configuration Debug for project TP_1 ****
Info: Internal Builder is used for build
gcc -O0 -g3 -Wall -c -fmessage-length=0 -o "src\\TP_1.o" "..\\src\\TP_1.c" 
gcc -o TP_1.exe "src\\TP_1.o" "src\\calculos.o" "src\\validaciones.o" 
Info: Nothing to build for TP_1
17:50:32 **** Incremental Build of configuration Debug for project TP_1 ****
Info: Internal Builder is used for build
gcc -O0 -g3 -Wall -c -fmessage-length=0 -o "src\\TP_1.o" "..\\src\\TP_1.c" 
gcc -o TP_1.exe "src\\TP_1.o" "src\\calculos.o" "src\\validaciones.o" 
Info: Nothing to build for TP_1
17:51:31 **** Incremental Build of configuration Debug for project TP_1 ****
Info: Internal Builder is used for build
gcc -O0 -g3 -Wall -c -fmessage-length=0 -o "src\\TP_1.o" "..\\src\\TP_1.c" 
gcc -o TP_1.exe "src\\TP_1.o" "src\\calculos.o" "src\\validaciones.o" 
Info: Nothing to build for TP_1
17:52:37 **** Incremental Build of configuration Debug for project TP_1 ****
Info: Internal Builder is used for build
gcc -O0 -g3 -Wall -c -fmessage-length=0 -o "src\\TP_1.o" "..\\src\\TP_1.c" 
gcc -o TP_1.exe "src\\TP_1.o" "src\\calculos.o" "src\\validaciones.o" 
17:52:52 **** Incremental Build of configuration Debug for project TP_1 ****
Info: Internal Builder is used for build
gcc -O0 -g3 -Wall -c -fmessage-length=0 -o "src\\TP_1.o" "..\\src\\TP_1.c" 
gcc -o TP_1.exe "src\\TP_1.o" "src\\calculos.o" "src\\validaciones.o" 
Info: Nothing to build for TP_1
Info: Nothing to build for TP_1
Info: Nothing to build for TP_1
Info: Nothing to build for TP_1
Info: Nothing to build for TP_1
Info: Nothing to build for TP_1
Info: Nothing to build for TP_1
Info: Nothing to build for TP_1
Info: Nothing to build for TP_1
17:55:43 **** Incremental Build of configuration Debug for project TP_1 ****
Info: Internal Builder is used for build
gcc -O0 -g3 -Wall -c -fmessage-length=0 -o "src\\TP_1.o" "..\\src\\TP_1.c" 
gcc -o TP_1.exe "src\\TP_1.o" "src\\calculos.o" "src\\validaciones.o" 
Info: Nothing to build for TP_1
Info: Nothing to build for TP_1
